2025-10-10 21:36:15 [INFO ] o.h.validator.internal.util.Version - HV000001: Hibernate Validator 8.0.3.Final
2025-10-10 21:36:15 [INFO ] b.c.e.b.BibliotecaApplication - Starting BibliotecaApplication using Java 21.0.7 with PID 17948 (D:\aulas  Faculdade\Pos BackEndII\Pos BackEndII - 2025.2\exercicio\biblioteca\biblioteca\target\classes started by EmmyeManel in D:\aulas  Faculdade\Pos BackEndII\Pos BackEndII - 2025.2\exercicio\biblioteca\biblioteca)
2025-10-10 21:36:15 [INFO ] b.c.e.b.BibliotecaApplication - No active profile set, falling back to 1 default profile: "default"
2025-10-10 21:36:16 [INFO ] o.s.b.d.e.DevToolsPropertyDefaultsPostProcessor - Devtools property defaults active! Set 'spring.devtools.add-properties' to 'false' to disable
2025-10-10 21:36:16 [INFO ] o.s.b.d.e.DevToolsPropertyDefaultsPostProcessor - For additional web related logging consider setting the 'logging.level.web' property to 'DEBUG'
2025-10-10 21:36:18 [INFO ] o.s.d.r.c.RepositoryConfigurationDelegate - Bootstrapping Spring Data JPA repositories in DEFAULT mode.
2025-10-10 21:36:18 [INFO ] o.s.d.r.c.RepositoryConfigurationDelegate - Finished Spring Data repository scanning in 134 ms. Found 5 JPA repository interfaces.
2025-10-10 21:36:19 [INFO ] o.s.b.w.e.tomcat.TomcatWebServer - Tomcat initialized with port 8080 (http)
2025-10-10 21:36:19 [INFO ] o.a.coyote.http11.Http11NioProtocol - Initializing ProtocolHandler ["http-nio-8080"]
2025-10-10 21:36:19 [INFO ] o.a.catalina.core.StandardService - Starting service [Tomcat]
2025-10-10 21:36:19 [INFO ] o.a.catalina.core.StandardEngine - Starting Servlet engine: [Apache Tomcat/10.1.46]
2025-10-10 21:36:19 [INFO ] o.a.c.c.C.[Tomcat].[localhost].[/] - Initializing Spring embedded WebApplicationContext
2025-10-10 21:36:19 [INFO ] o.s.b.w.s.c.ServletWebServerApplicationContext - Root WebApplicationContext: initialization completed in 3715 ms
2025-10-10 21:36:20 [INFO ] o.h.jpa.internal.util.LogHelper - HHH000204: Processing PersistenceUnitInfo [name: default]
2025-10-10 21:36:20 [INFO ] org.hibernate.Version - HHH000412: Hibernate ORM core version 6.6.29.Final
2025-10-10 21:36:20 [INFO ] o.h.c.i.RegionFactoryInitiator - HHH000026: Second-level cache disabled
2025-10-10 21:36:21 [INFO ] o.s.o.j.p.SpringPersistenceUnitInfo - No LoadTimeWeaver setup: ignoring JPA class transformer
2025-10-10 21:36:21 [INFO ] com.zaxxer.hikari.HikariDataSource - HikariPool-1 - Starting...
2025-10-10 21:36:22 [INFO ] com.zaxxer.hikari.pool.HikariPool - HikariPool-1 - Added connection com.mysql.cj.jdbc.ConnectionImpl@595e8f0c
2025-10-10 21:36:22 [INFO ] com.zaxxer.hikari.HikariDataSource - HikariPool-1 - Start completed.
2025-10-10 21:36:22 [INFO ] o.hibernate.orm.connections.pooling - HHH10001005: Database info:
	Database JDBC URL [Connecting through datasource 'HikariDataSource (HikariPool-1)']
	Database driver: undefined/unknown
	Database version: 8.0
	Autocommit mode: undefined/unknown
	Isolation level: undefined/unknown
	Minimum pool size: undefined/unknown
	Maximum pool size: undefined/unknown
2025-10-10 21:36:25 [INFO ] o.h.e.t.j.p.i.JtaPlatformInitiator - HHH000489: No JTA platform available (set 'hibernate.transaction.jta.platform' to enable JTA platform integration)
2025-10-10 21:36:25 [INFO ] o.s.o.j.LocalContainerEntityManagerFactoryBean - Initialized JPA EntityManagerFactory for persistence unit 'default'
2025-10-10 21:36:28 [INFO ] o.s.b.d.a.OptionalLiveReloadServer - LiveReload server is running on port 35729
2025-10-10 21:36:28 [INFO ] o.a.coyote.http11.Http11NioProtocol - Starting ProtocolHandler ["http-nio-8080"]
2025-10-10 21:36:28 [INFO ] o.s.b.w.e.tomcat.TomcatWebServer - Tomcat started on port 8080 (http) with context path '/'
2025-10-10 21:36:28 [INFO ] b.c.e.b.BibliotecaApplication - Started BibliotecaApplication in 14.866 seconds (process running for 19.101)
2025-10-10 21:41:37 [INFO ] o.s.b.d.a.LocalDevToolsAutoConfiguration$RestartingClassPathChangeChangedEventListener - Restarting due to 1 class path change (0 additions, 1 deletion, 0 modifications)
2025-10-10 21:41:37 [INFO ] o.s.b.w.e.tomcat.GracefulShutdown - Commencing graceful shutdown. Waiting for active requests to complete
2025-10-10 21:41:37 [INFO ] o.a.coyote.http11.Http11NioProtocol - Pausing ProtocolHandler ["http-nio-8080"]
2025-10-10 21:41:37 [INFO ] o.s.b.w.e.tomcat.GracefulShutdown - Graceful shutdown complete
2025-10-10 21:41:37 [INFO ] o.a.coyote.http11.Http11NioProtocol - Stopping ProtocolHandler ["http-nio-8080"]
2025-10-10 21:41:37 [INFO ] o.s.o.j.LocalContainerEntityManagerFactoryBean - Closing JPA EntityManagerFactory for persistence unit 'default'
2025-10-10 21:41:37 [INFO ] com.zaxxer.hikari.HikariDataSource - HikariPool-1 - Shutdown initiated...
2025-10-10 21:41:37 [INFO ] com.zaxxer.hikari.HikariDataSource - HikariPool-1 - Shutdown completed.
2025-10-10 21:41:37 [INFO ] b.c.e.b.BibliotecaApplication - Starting BibliotecaApplication using Java 21.0.7 with PID 17948 (D:\aulas  Faculdade\Pos BackEndII\Pos BackEndII - 2025.2\exercicio\biblioteca\biblioteca\target\classes started by EmmyeManel in D:\aulas  Faculdade\Pos BackEndII\Pos BackEndII - 2025.2\exercicio\biblioteca\biblioteca)
2025-10-10 21:41:37 [INFO ] b.c.e.b.BibliotecaApplication - No active profile set, falling back to 1 default profile: "default"
2025-10-10 21:41:38 [INFO ] o.s.d.r.c.RepositoryConfigurationDelegate - Bootstrapping Spring Data JPA repositories in DEFAULT mode.
2025-10-10 21:41:38 [INFO ] o.s.d.r.c.RepositoryConfigurationDelegate - Finished Spring Data repository scanning in 48 ms. Found 5 JPA repository interfaces.
2025-10-10 21:41:38 [INFO ] o.s.b.w.e.tomcat.TomcatWebServer - Tomcat initialized with port 8080 (http)
2025-10-10 21:41:38 [INFO ] o.a.coyote.http11.Http11NioProtocol - Initializing ProtocolHandler ["http-nio-8080"]
2025-10-10 21:41:38 [INFO ] o.a.catalina.core.StandardService - Starting service [Tomcat]
2025-10-10 21:41:38 [INFO ] o.a.catalina.core.StandardEngine - Starting Servlet engine: [Apache Tomcat/10.1.46]
2025-10-10 21:41:38 [INFO ] o.a.c.c.C.[Tomcat].[localhost].[/] - Initializing Spring embedded WebApplicationContext
2025-10-10 21:41:38 [INFO ] o.s.b.w.s.c.ServletWebServerApplicationContext - Root WebApplicationContext: initialization completed in 944 ms
2025-10-10 21:41:38 [INFO ] o.h.jpa.internal.util.LogHelper - HHH000204: Processing PersistenceUnitInfo [name: default]
2025-10-10 21:41:38 [INFO ] o.h.c.i.RegionFactoryInitiator - HHH000026: Second-level cache disabled
2025-10-10 21:41:38 [INFO ] o.s.o.j.p.SpringPersistenceUnitInfo - No LoadTimeWeaver setup: ignoring JPA class transformer
2025-10-10 21:41:38 [INFO ] com.zaxxer.hikari.HikariDataSource - HikariPool-2 - Starting...
2025-10-10 21:41:38 [INFO ] com.zaxxer.hikari.pool.HikariPool - HikariPool-2 - Added connection com.mysql.cj.jdbc.ConnectionImpl@2bc0b74f
2025-10-10 21:41:38 [INFO ] com.zaxxer.hikari.HikariDataSource - HikariPool-2 - Start completed.
2025-10-10 21:41:38 [INFO ] o.hibernate.orm.connections.pooling - HHH10001005: Database info:
	Database JDBC URL [Connecting through datasource 'HikariDataSource (HikariPool-2)']
	Database driver: undefined/unknown
	Database version: 8.0
	Autocommit mode: undefined/unknown
	Isolation level: undefined/unknown
	Minimum pool size: undefined/unknown
	Maximum pool size: undefined/unknown
2025-10-10 21:41:38 [INFO ] o.h.e.t.j.p.i.JtaPlatformInitiator - HHH000489: No JTA platform available (set 'hibernate.transaction.jta.platform' to enable JTA platform integration)
2025-10-10 21:41:39 [INFO ] o.s.o.j.LocalContainerEntityManagerFactoryBean - Initialized JPA EntityManagerFactory for persistence unit 'default'
2025-10-10 21:41:39 [INFO ] o.s.b.d.a.OptionalLiveReloadServer - LiveReload server is running on port 35729
2025-10-10 21:41:39 [INFO ] o.a.coyote.http11.Http11NioProtocol - Starting ProtocolHandler ["http-nio-8080"]
2025-10-10 21:41:39 [INFO ] o.s.b.w.e.tomcat.TomcatWebServer - Tomcat started on port 8080 (http) with context path '/'
2025-10-10 21:41:39 [INFO ] b.c.e.b.BibliotecaApplication - Started BibliotecaApplication in 2.338 seconds (process running for 329.923)
2025-10-10 21:41:39 [INFO ] o.s.b.d.a.ConditionEvaluationDeltaLoggingListener - Condition evaluation unchanged
2025-10-10 21:41:41 [INFO ] o.s.b.d.a.LocalDevToolsAutoConfiguration$RestartingClassPathChangeChangedEventListener - Restarting due to 1 class path change (1 addition, 0 deletions, 0 modifications)
2025-10-10 21:41:41 [INFO ] o.s.b.w.e.tomcat.GracefulShutdown - Commencing graceful shutdown. Waiting for active requests to complete
2025-10-10 21:41:41 [INFO ] o.a.coyote.http11.Http11NioProtocol - Pausing ProtocolHandler ["http-nio-8080"]
2025-10-10 21:41:41 [INFO ] o.s.b.w.e.tomcat.GracefulShutdown - Graceful shutdown complete
2025-10-10 21:41:41 [INFO ] o.a.coyote.http11.Http11NioProtocol - Stopping ProtocolHandler ["http-nio-8080"]
2025-10-10 21:41:41 [INFO ] o.s.o.j.LocalContainerEntityManagerFactoryBean - Closing JPA EntityManagerFactory for persistence unit 'default'
2025-10-10 21:41:41 [INFO ] com.zaxxer.hikari.HikariDataSource - HikariPool-2 - Shutdown initiated...
2025-10-10 21:41:41 [INFO ] com.zaxxer.hikari.HikariDataSource - HikariPool-2 - Shutdown completed.
2025-10-10 21:41:41 [INFO ] b.c.e.b.BibliotecaApplication - Starting BibliotecaApplication using Java 21.0.7 with PID 17948 (D:\aulas  Faculdade\Pos BackEndII\Pos BackEndII - 2025.2\exercicio\biblioteca\biblioteca\target\classes started by EmmyeManel in D:\aulas  Faculdade\Pos BackEndII\Pos BackEndII - 2025.2\exercicio\biblioteca\biblioteca)
2025-10-10 21:41:41 [INFO ] b.c.e.b.BibliotecaApplication - No active profile set, falling back to 1 default profile: "default"
2025-10-10 21:41:41 [INFO ] o.s.d.r.c.RepositoryConfigurationDelegate - Bootstrapping Spring Data JPA repositories in DEFAULT mode.
2025-10-10 21:41:41 [INFO ] o.s.d.r.c.RepositoryConfigurationDelegate - Finished Spring Data repository scanning in 31 ms. Found 5 JPA repository interfaces.
2025-10-10 21:41:42 [INFO ] o.s.b.w.e.tomcat.TomcatWebServer - Tomcat initialized with port 8080 (http)
2025-10-10 21:41:42 [INFO ] o.a.coyote.http11.Http11NioProtocol - Initializing ProtocolHandler ["http-nio-8080"]
2025-10-10 21:41:42 [INFO ] o.a.catalina.core.StandardService - Starting service [Tomcat]
2025-10-10 21:41:42 [INFO ] o.a.catalina.core.StandardEngine - Starting Servlet engine: [Apache Tomcat/10.1.46]
2025-10-10 21:41:42 [INFO ] o.a.c.c.C.[Tomcat].[localhost].[/] - Initializing Spring embedded WebApplicationContext
2025-10-10 21:41:42 [INFO ] o.s.b.w.s.c.ServletWebServerApplicationContext - Root WebApplicationContext: initialization completed in 680 ms
2025-10-10 21:41:42 [INFO ] o.h.jpa.internal.util.LogHelper - HHH000204: Processing PersistenceUnitInfo [name: default]
2025-10-10 21:41:42 [INFO ] o.h.c.i.RegionFactoryInitiator - HHH000026: Second-level cache disabled
2025-10-10 21:41:42 [INFO ] o.s.o.j.p.SpringPersistenceUnitInfo - No LoadTimeWeaver setup: ignoring JPA class transformer
2025-10-10 21:41:42 [INFO ] com.zaxxer.hikari.HikariDataSource - HikariPool-3 - Starting...
2025-10-10 21:41:42 [INFO ] com.zaxxer.hikari.pool.HikariPool - HikariPool-3 - Added connection com.mysql.cj.jdbc.ConnectionImpl@6f02d44d
2025-10-10 21:41:42 [INFO ] com.zaxxer.hikari.HikariDataSource - HikariPool-3 - Start completed.
2025-10-10 21:41:42 [INFO ] o.hibernate.orm.connections.pooling - HHH10001005: Database info:
	Database JDBC URL [Connecting through datasource 'HikariDataSource (HikariPool-3)']
	Database driver: undefined/unknown
	Database version: 8.0
	Autocommit mode: undefined/unknown
	Isolation level: undefined/unknown
	Minimum pool size: undefined/unknown
	Maximum pool size: undefined/unknown
2025-10-10 21:41:42 [INFO ] o.h.e.t.j.p.i.JtaPlatformInitiator - HHH000489: No JTA platform available (set 'hibernate.transaction.jta.platform' to enable JTA platform integration)
2025-10-10 21:41:42 [INFO ] o.s.o.j.LocalContainerEntityManagerFactoryBean - Initialized JPA EntityManagerFactory for persistence unit 'default'
2025-10-10 21:41:42 [INFO ] o.s.b.d.a.OptionalLiveReloadServer - LiveReload server is running on port 35729
2025-10-10 21:41:42 [INFO ] o.a.coyote.http11.Http11NioProtocol - Starting ProtocolHandler ["http-nio-8080"]
2025-10-10 21:41:42 [INFO ] o.s.b.w.e.tomcat.TomcatWebServer - Tomcat started on port 8080 (http) with context path '/'
2025-10-10 21:41:42 [INFO ] b.c.e.b.BibliotecaApplication - Started BibliotecaApplication in 1.639 seconds (process running for 333.079)
2025-10-10 21:41:42 [INFO ] o.s.b.d.a.ConditionEvaluationDeltaLoggingListener - Condition evaluation unchanged
2025-10-10 21:41:43 [INFO ] o.a.c.c.C.[Tomcat].[localhost].[/] - Initializing Spring DispatcherServlet 'dispatcherServlet'
2025-10-10 21:41:43 [INFO ] o.s.web.servlet.DispatcherServlet - Initializing Servlet 'dispatcherServlet'
2025-10-10 21:41:43 [INFO ] o.s.web.servlet.DispatcherServlet - Completed initialization in 2 ms
2025-10-10 21:42:36 [INFO ] o.s.b.d.a.LocalDevToolsAutoConfiguration$RestartingClassPathChangeChangedEventListener - Restarting due to 1 class path change (0 additions, 1 deletion, 0 modifications)
2025-10-10 21:42:36 [INFO ] o.s.b.w.e.tomcat.GracefulShutdown - Commencing graceful shutdown. Waiting for active requests to complete
2025-10-10 21:42:36 [INFO ] o.a.coyote.http11.Http11NioProtocol - Pausing ProtocolHandler ["http-nio-8080"]
2025-10-10 21:42:36 [INFO ] o.s.b.w.e.tomcat.GracefulShutdown - Graceful shutdown complete
2025-10-10 21:42:36 [INFO ] o.a.coyote.http11.Http11NioProtocol - Stopping ProtocolHandler ["http-nio-8080"]
2025-10-10 21:42:36 [INFO ] o.s.o.j.LocalContainerEntityManagerFactoryBean - Closing JPA EntityManagerFactory for persistence unit 'default'
2025-10-10 21:42:36 [INFO ] com.zaxxer.hikari.HikariDataSource - HikariPool-3 - Shutdown initiated...
2025-10-10 21:42:36 [INFO ] com.zaxxer.hikari.HikariDataSource - HikariPool-3 - Shutdown completed.
2025-10-10 21:42:36 [INFO ] b.c.e.b.BibliotecaApplication - Starting BibliotecaApplication using Java 21.0.7 with PID 17948 (D:\aulas  Faculdade\Pos BackEndII\Pos BackEndII - 2025.2\exercicio\biblioteca\biblioteca\target\classes started by EmmyeManel in D:\aulas  Faculdade\Pos BackEndII\Pos BackEndII - 2025.2\exercicio\biblioteca\biblioteca)
2025-10-10 21:42:36 [INFO ] b.c.e.b.BibliotecaApplication - No active profile set, falling back to 1 default profile: "default"
2025-10-10 21:42:37 [INFO ] o.s.d.r.c.RepositoryConfigurationDelegate - Bootstrapping Spring Data JPA repositories in DEFAULT mode.
2025-10-10 21:42:37 [INFO ] o.s.d.r.c.RepositoryConfigurationDelegate - Finished Spring Data repository scanning in 44 ms. Found 5 JPA repository interfaces.
2025-10-10 21:42:37 [INFO ] o.s.b.w.e.tomcat.TomcatWebServer - Tomcat initialized with port 8080 (http)
2025-10-10 21:42:37 [INFO ] o.a.coyote.http11.Http11NioProtocol - Initializing ProtocolHandler ["http-nio-8080"]
2025-10-10 21:42:37 [INFO ] o.a.catalina.core.StandardService - Starting service [Tomcat]
2025-10-10 21:42:37 [INFO ] o.a.catalina.core.StandardEngine - Starting Servlet engine: [Apache Tomcat/10.1.46]
2025-10-10 21:42:37 [INFO ] o.a.c.c.C.[Tomcat].[localhost].[/] - Initializing Spring embedded WebApplicationContext
2025-10-10 21:42:37 [INFO ] o.s.b.w.s.c.ServletWebServerApplicationContext - Root WebApplicationContext: initialization completed in 736 ms
2025-10-10 21:42:37 [INFO ] o.h.jpa.internal.util.LogHelper - HHH000204: Processing PersistenceUnitInfo [name: default]
2025-10-10 21:42:37 [INFO ] o.h.c.i.RegionFactoryInitiator - HHH000026: Second-level cache disabled
2025-10-10 21:42:37 [INFO ] o.s.o.j.p.SpringPersistenceUnitInfo - No LoadTimeWeaver setup: ignoring JPA class transformer
2025-10-10 21:42:37 [INFO ] com.zaxxer.hikari.HikariDataSource - HikariPool-4 - Starting...
2025-10-10 21:42:37 [INFO ] com.zaxxer.hikari.pool.HikariPool - HikariPool-4 - Added connection com.mysql.cj.jdbc.ConnectionImpl@4ad50c2f
2025-10-10 21:42:37 [INFO ] com.zaxxer.hikari.HikariDataSource - HikariPool-4 - Start completed.
2025-10-10 21:42:37 [INFO ] o.hibernate.orm.connections.pooling - HHH10001005: Database info:
	Database JDBC URL [Connecting through datasource 'HikariDataSource (HikariPool-4)']
	Database driver: undefined/unknown
	Database version: 8.0
	Autocommit mode: undefined/unknown
	Isolation level: undefined/unknown
	Minimum pool size: undefined/unknown
	Maximum pool size: undefined/unknown
2025-10-10 21:42:37 [INFO ] o.h.e.t.j.p.i.JtaPlatformInitiator - HHH000489: No JTA platform available (set 'hibernate.transaction.jta.platform' to enable JTA platform integration)
2025-10-10 21:42:38 [INFO ] o.s.o.j.LocalContainerEntityManagerFactoryBean - Initialized JPA EntityManagerFactory for persistence unit 'default'
2025-10-10 21:42:38 [INFO ] o.s.b.d.a.OptionalLiveReloadServer - LiveReload server is running on port 35729
2025-10-10 21:42:38 [INFO ] o.a.coyote.http11.Http11NioProtocol - Starting ProtocolHandler ["http-nio-8080"]
2025-10-10 21:42:38 [INFO ] o.s.b.w.e.tomcat.TomcatWebServer - Tomcat started on port 8080 (http) with context path '/'
2025-10-10 21:42:38 [INFO ] b.c.e.b.BibliotecaApplication - Started BibliotecaApplication in 1.769 seconds (process running for 388.713)
2025-10-10 21:42:38 [INFO ] o.s.b.d.a.ConditionEvaluationDeltaLoggingListener - Condition evaluation unchanged
2025-10-10 21:42:39 [INFO ] o.s.b.d.a.LocalDevToolsAutoConfiguration$RestartingClassPathChangeChangedEventListener - Restarting due to 1 class path change (1 addition, 0 deletions, 0 modifications)
2025-10-10 21:42:39 [INFO ] o.s.b.w.e.tomcat.GracefulShutdown - Commencing graceful shutdown. Waiting for active requests to complete
2025-10-10 21:42:39 [INFO ] o.a.coyote.http11.Http11NioProtocol - Pausing ProtocolHandler ["http-nio-8080"]
2025-10-10 21:42:39 [INFO ] o.s.b.w.e.tomcat.GracefulShutdown - Graceful shutdown complete
2025-10-10 21:42:39 [INFO ] o.a.coyote.http11.Http11NioProtocol - Stopping ProtocolHandler ["http-nio-8080"]
2025-10-10 21:42:39 [INFO ] o.s.o.j.LocalContainerEntityManagerFactoryBean - Closing JPA EntityManagerFactory for persistence unit 'default'
2025-10-10 21:42:39 [INFO ] com.zaxxer.hikari.HikariDataSource - HikariPool-4 - Shutdown initiated...
2025-10-10 21:42:39 [INFO ] com.zaxxer.hikari.HikariDataSource - HikariPool-4 - Shutdown completed.
2025-10-10 21:42:40 [INFO ] b.c.e.b.BibliotecaApplication - Starting BibliotecaApplication using Java 21.0.7 with PID 17948 (D:\aulas  Faculdade\Pos BackEndII\Pos BackEndII - 2025.2\exercicio\biblioteca\biblioteca\target\classes started by EmmyeManel in D:\aulas  Faculdade\Pos BackEndII\Pos BackEndII - 2025.2\exercicio\biblioteca\biblioteca)
2025-10-10 21:42:40 [INFO ] b.c.e.b.BibliotecaApplication - No active profile set, falling back to 1 default profile: "default"
2025-10-10 21:42:40 [INFO ] o.s.d.r.c.RepositoryConfigurationDelegate - Bootstrapping Spring Data JPA repositories in DEFAULT mode.
2025-10-10 21:42:40 [INFO ] o.s.d.r.c.RepositoryConfigurationDelegate - Finished Spring Data repository scanning in 43 ms. Found 5 JPA repository interfaces.
2025-10-10 21:42:40 [INFO ] o.s.b.w.e.tomcat.TomcatWebServer - Tomcat initialized with port 8080 (http)
2025-10-10 21:42:40 [INFO ] o.a.coyote.http11.Http11NioProtocol - Initializing ProtocolHandler ["http-nio-8080"]
2025-10-10 21:42:40 [INFO ] o.a.catalina.core.StandardService - Starting service [Tomcat]
2025-10-10 21:42:40 [INFO ] o.a.catalina.core.StandardEngine - Starting Servlet engine: [Apache Tomcat/10.1.46]
2025-10-10 21:42:40 [INFO ] o.a.c.c.C.[Tomcat].[localhost].[/] - Initializing Spring embedded WebApplicationContext
2025-10-10 21:42:40 [INFO ] o.s.b.w.s.c.ServletWebServerApplicationContext - Root WebApplicationContext: initialization completed in 739 ms
2025-10-10 21:42:40 [INFO ] o.h.jpa.internal.util.LogHelper - HHH000204: Processing PersistenceUnitInfo [name: default]
2025-10-10 21:42:40 [INFO ] o.h.c.i.RegionFactoryInitiator - HHH000026: Second-level cache disabled
2025-10-10 21:42:40 [INFO ] o.s.o.j.p.SpringPersistenceUnitInfo - No LoadTimeWeaver setup: ignoring JPA class transformer
2025-10-10 21:42:40 [INFO ] com.zaxxer.hikari.HikariDataSource - HikariPool-5 - Starting...
2025-10-10 21:42:40 [INFO ] com.zaxxer.hikari.pool.HikariPool - HikariPool-5 - Added connection com.mysql.cj.jdbc.ConnectionImpl@26c9d508
2025-10-10 21:42:40 [INFO ] com.zaxxer.hikari.HikariDataSource - HikariPool-5 - Start completed.
2025-10-10 21:42:41 [INFO ] o.hibernate.orm.connections.pooling - HHH10001005: Database info:
	Database JDBC URL [Connecting through datasource 'HikariDataSource (HikariPool-5)']
	Database driver: undefined/unknown
	Database version: 8.0
	Autocommit mode: undefined/unknown
	Isolation level: undefined/unknown
	Minimum pool size: undefined/unknown
	Maximum pool size: undefined/unknown
2025-10-10 21:42:41 [INFO ] o.h.e.t.j.p.i.JtaPlatformInitiator - HHH000489: No JTA platform available (set 'hibernate.transaction.jta.platform' to enable JTA platform integration)
2025-10-10 21:42:41 [INFO ] o.s.o.j.LocalContainerEntityManagerFactoryBean - Initialized JPA EntityManagerFactory for persistence unit 'default'
2025-10-10 21:42:42 [INFO ] o.s.b.d.a.OptionalLiveReloadServer - LiveReload server is running on port 35729
2025-10-10 21:42:42 [INFO ] o.a.coyote.http11.Http11NioProtocol - Starting ProtocolHandler ["http-nio-8080"]
2025-10-10 21:42:42 [INFO ] o.s.b.w.e.tomcat.TomcatWebServer - Tomcat started on port 8080 (http) with context path '/'
2025-10-10 21:42:42 [INFO ] b.c.e.b.BibliotecaApplication - Started BibliotecaApplication in 1.977 seconds (process running for 392.189)
2025-10-10 21:42:42 [INFO ] o.s.b.d.a.ConditionEvaluationDeltaLoggingListener - Condition evaluation unchanged
2025-10-10 21:46:51 [INFO ] o.a.c.c.C.[Tomcat].[localhost].[/] - Initializing Spring DispatcherServlet 'dispatcherServlet'
2025-10-10 21:46:51 [INFO ] o.s.web.servlet.DispatcherServlet - Initializing Servlet 'dispatcherServlet'
2025-10-10 21:46:51 [INFO ] o.s.web.servlet.DispatcherServlet - Completed initialization in 2 ms
2025-10-10 21:48:24 [INFO ] o.s.b.d.a.LocalDevToolsAutoConfiguration$RestartingClassPathChangeChangedEventListener - Restarting due to 19 class path changes (0 additions, 18 deletions, 1 modification)
2025-10-10 21:48:24 [INFO ] o.s.b.w.e.tomcat.GracefulShutdown - Commencing graceful shutdown. Waiting for active requests to complete
2025-10-10 21:48:24 [INFO ] o.a.coyote.http11.Http11NioProtocol - Pausing ProtocolHandler ["http-nio-8080"]
2025-10-10 21:48:24 [INFO ] o.s.b.w.e.tomcat.GracefulShutdown - Graceful shutdown complete
2025-10-10 21:48:24 [INFO ] o.a.coyote.http11.Http11NioProtocol - Stopping ProtocolHandler ["http-nio-8080"]
2025-10-10 21:48:24 [INFO ] o.s.o.j.LocalContainerEntityManagerFactoryBean - Closing JPA EntityManagerFactory for persistence unit 'default'
2025-10-10 21:48:24 [INFO ] com.zaxxer.hikari.HikariDataSource - HikariPool-5 - Shutdown initiated...
2025-10-10 21:48:24 [INFO ] com.zaxxer.hikari.HikariDataSource - HikariPool-5 - Shutdown completed.
2025-10-10 21:48:24 [INFO ] b.c.e.b.BibliotecaApplication - Starting BibliotecaApplication using Java 21.0.7 with PID 17948 (D:\aulas  Faculdade\Pos BackEndII\Pos BackEndII - 2025.2\exercicio\biblioteca\biblioteca\target\classes started by EmmyeManel in D:\aulas  Faculdade\Pos BackEndII\Pos BackEndII - 2025.2\exercicio\biblioteca\biblioteca)
2025-10-10 21:48:24 [INFO ] b.c.e.b.BibliotecaApplication - No active profile set, falling back to 1 default profile: "default"
2025-10-10 21:48:24 [INFO ] o.s.d.r.c.RepositoryConfigurationDelegate - Bootstrapping Spring Data JPA repositories in DEFAULT mode.
2025-10-10 21:48:24 [INFO ] o.s.d.r.c.RepositoryConfigurationDelegate - Finished Spring Data repository scanning in 1 ms. Found 0 JPA repository interfaces.
2025-10-10 21:48:25 [INFO ] o.s.b.w.e.tomcat.TomcatWebServer - Tomcat initialized with port 8080 (http)
2025-10-10 21:48:25 [INFO ] o.a.coyote.http11.Http11NioProtocol - Initializing ProtocolHandler ["http-nio-8080"]
2025-10-10 21:48:25 [INFO ] o.a.catalina.core.StandardService - Starting service [Tomcat]
2025-10-10 21:48:25 [INFO ] o.a.catalina.core.StandardEngine - Starting Servlet engine: [Apache Tomcat/10.1.46]
2025-10-10 21:48:25 [INFO ] o.a.c.c.C.[Tomcat].[localhost].[/] - Initializing Spring embedded WebApplicationContext
2025-10-10 21:48:25 [INFO ] o.s.b.w.s.c.ServletWebServerApplicationContext - Root WebApplicationContext: initialization completed in 864 ms
2025-10-10 21:48:25 [INFO ] o.h.jpa.internal.util.LogHelper - HHH000204: Processing PersistenceUnitInfo [name: default]
2025-10-10 21:48:25 [INFO ] o.h.c.i.RegionFactoryInitiator - HHH000026: Second-level cache disabled
2025-10-10 21:48:25 [INFO ] o.s.o.j.p.SpringPersistenceUnitInfo - No LoadTimeWeaver setup: ignoring JPA class transformer
2025-10-10 21:48:25 [INFO ] com.zaxxer.hikari.HikariDataSource - HikariPool-6 - Starting...
2025-10-10 21:48:25 [INFO ] com.zaxxer.hikari.pool.HikariPool - HikariPool-6 - Added connection com.mysql.cj.jdbc.ConnectionImpl@3322c586
2025-10-10 21:48:25 [INFO ] com.zaxxer.hikari.HikariDataSource - HikariPool-6 - Start completed.
2025-10-10 21:48:25 [INFO ] o.hibernate.orm.connections.pooling - HHH10001005: Database info:
	Database JDBC URL [Connecting through datasource 'HikariDataSource (HikariPool-6)']
	Database driver: undefined/unknown
	Database version: 8.0
	Autocommit mode: undefined/unknown
	Isolation level: undefined/unknown
	Minimum pool size: undefined/unknown
	Maximum pool size: undefined/unknown
2025-10-10 21:48:25 [INFO ] o.h.e.t.j.p.i.JtaPlatformInitiator - HHH000489: No JTA platform available (set 'hibernate.transaction.jta.platform' to enable JTA platform integration)
2025-10-10 21:48:25 [INFO ] o.s.o.j.LocalContainerEntityManagerFactoryBean - Initialized JPA EntityManagerFactory for persistence unit 'default'
2025-10-10 21:48:25 [INFO ] o.s.b.d.a.OptionalLiveReloadServer - LiveReload server is running on port 35729
2025-10-10 21:48:25 [INFO ] o.a.coyote.http11.Http11NioProtocol - Starting ProtocolHandler ["http-nio-8080"]
2025-10-10 21:48:25 [INFO ] o.s.b.w.e.tomcat.TomcatWebServer - Tomcat started on port 8080 (http) with context path '/'
2025-10-10 21:48:25 [INFO ] b.c.e.b.BibliotecaApplication - Started BibliotecaApplication in 1.599 seconds (process running for 735.964)
2025-10-10 21:48:25 [INFO ] o.s.b.d.a.ConditionEvaluationDeltaLoggingListener - Condition evaluation unchanged
2025-10-10 21:48:30 [INFO ] o.s.b.d.a.LocalDevToolsAutoConfiguration$RestartingClassPathChangeChangedEventListener - Restarting due to 18 class path changes (18 additions, 0 deletions, 0 modifications)
2025-10-10 21:48:30 [INFO ] o.s.b.w.e.tomcat.GracefulShutdown - Commencing graceful shutdown. Waiting for active requests to complete
2025-10-10 21:48:30 [INFO ] o.a.coyote.http11.Http11NioProtocol - Pausing ProtocolHandler ["http-nio-8080"]
2025-10-10 21:48:30 [INFO ] o.s.b.w.e.tomcat.GracefulShutdown - Graceful shutdown complete
2025-10-10 21:48:30 [INFO ] o.a.coyote.http11.Http11NioProtocol - Stopping ProtocolHandler ["http-nio-8080"]
2025-10-10 21:48:30 [INFO ] o.s.o.j.LocalContainerEntityManagerFactoryBean - Closing JPA EntityManagerFactory for persistence unit 'default'
2025-10-10 21:48:30 [INFO ] com.zaxxer.hikari.HikariDataSource - HikariPool-6 - Shutdown initiated...
2025-10-10 21:48:30 [INFO ] com.zaxxer.hikari.HikariDataSource - HikariPool-6 - Shutdown completed.
2025-10-10 21:48:30 [INFO ] b.c.e.b.BibliotecaApplication - Starting BibliotecaApplication using Java 21.0.7 with PID 17948 (D:\aulas  Faculdade\Pos BackEndII\Pos BackEndII - 2025.2\exercicio\biblioteca\biblioteca\target\classes started by EmmyeManel in D:\aulas  Faculdade\Pos BackEndII\Pos BackEndII - 2025.2\exercicio\biblioteca\biblioteca)
2025-10-10 21:48:30 [INFO ] b.c.e.b.BibliotecaApplication - No active profile set, falling back to 1 default profile: "default"
2025-10-10 21:48:30 [INFO ] o.s.d.r.c.RepositoryConfigurationDelegate - Bootstrapping Spring Data JPA repositories in DEFAULT mode.
2025-10-10 21:48:30 [INFO ] o.s.d.r.c.RepositoryConfigurationDelegate - Finished Spring Data repository scanning in 41 ms. Found 5 JPA repository interfaces.
2025-10-10 21:48:30 [INFO ] o.s.b.w.e.tomcat.TomcatWebServer - Tomcat initialized with port 8080 (http)
2025-10-10 21:48:30 [INFO ] o.a.coyote.http11.Http11NioProtocol - Initializing ProtocolHandler ["http-nio-8080"]
2025-10-10 21:48:30 [INFO ] o.a.catalina.core.StandardService - Starting service [Tomcat]
2025-10-10 21:48:30 [INFO ] o.a.catalina.core.StandardEngine - Starting Servlet engine: [Apache Tomcat/10.1.46]
2025-10-10 21:48:31 [INFO ] o.a.c.c.C.[Tomcat].[localhost].[/] - Initializing Spring embedded WebApplicationContext
2025-10-10 21:48:31 [INFO ] o.s.b.w.s.c.ServletWebServerApplicationContext - Root WebApplicationContext: initialization completed in 732 ms
2025-10-10 21:48:31 [INFO ] o.h.jpa.internal.util.LogHelper - HHH000204: Processing PersistenceUnitInfo [name: default]
2025-10-10 21:48:31 [INFO ] o.h.c.i.RegionFactoryInitiator - HHH000026: Second-level cache disabled
2025-10-10 21:48:31 [INFO ] o.s.o.j.p.SpringPersistenceUnitInfo - No LoadTimeWeaver setup: ignoring JPA class transformer
2025-10-10 21:48:31 [INFO ] com.zaxxer.hikari.HikariDataSource - HikariPool-7 - Starting...
2025-10-10 21:48:31 [INFO ] com.zaxxer.hikari.pool.HikariPool - HikariPool-7 - Added connection com.mysql.cj.jdbc.ConnectionImpl@4da4aac0
2025-10-10 21:48:31 [INFO ] com.zaxxer.hikari.HikariDataSource - HikariPool-7 - Start completed.
2025-10-10 21:48:31 [INFO ] o.hibernate.orm.connections.pooling - HHH10001005: Database info:
	Database JDBC URL [Connecting through datasource 'HikariDataSource (HikariPool-7)']
	Database driver: undefined/unknown
	Database version: 8.0
	Autocommit mode: undefined/unknown
	Isolation level: undefined/unknown
	Minimum pool size: undefined/unknown
	Maximum pool size: undefined/unknown
2025-10-10 21:48:31 [INFO ] o.h.e.t.j.p.i.JtaPlatformInitiator - HHH000489: No JTA platform available (set 'hibernate.transaction.jta.platform' to enable JTA platform integration)
2025-10-10 21:48:31 [INFO ] o.s.o.j.LocalContainerEntityManagerFactoryBean - Initialized JPA EntityManagerFactory for persistence unit 'default'
2025-10-10 21:48:32 [INFO ] o.s.b.d.a.OptionalLiveReloadServer - LiveReload server is running on port 35729
2025-10-10 21:48:32 [INFO ] o.a.coyote.http11.Http11NioProtocol - Starting ProtocolHandler ["http-nio-8080"]
2025-10-10 21:48:32 [INFO ] o.s.b.w.e.tomcat.TomcatWebServer - Tomcat started on port 8080 (http) with context path '/'
2025-10-10 21:48:32 [INFO ] b.c.e.b.BibliotecaApplication - Started BibliotecaApplication in 1.835 seconds (process running for 742.197)
2025-10-10 21:48:32 [INFO ] o.s.b.d.a.ConditionEvaluationDeltaLoggingListener - Condition evaluation unchanged
2025-10-10 21:51:23 [INFO ] o.s.b.d.a.LocalDevToolsAutoConfiguration$RestartingClassPathChangeChangedEventListener - Restarting due to 1 class path change (1 addition, 0 deletions, 0 modifications)
2025-10-10 21:51:23 [INFO ] o.s.b.w.e.tomcat.GracefulShutdown - Commencing graceful shutdown. Waiting for active requests to complete
2025-10-10 21:51:23 [INFO ] o.a.coyote.http11.Http11NioProtocol - Pausing ProtocolHandler ["http-nio-8080"]
2025-10-10 21:51:23 [INFO ] o.s.b.w.e.tomcat.GracefulShutdown - Graceful shutdown complete
2025-10-10 21:51:23 [INFO ] o.a.coyote.http11.Http11NioProtocol - Stopping ProtocolHandler ["http-nio-8080"]
2025-10-10 21:51:23 [INFO ] o.s.o.j.LocalContainerEntityManagerFactoryBean - Closing JPA EntityManagerFactory for persistence unit 'default'
2025-10-10 21:51:23 [INFO ] com.zaxxer.hikari.HikariDataSource - HikariPool-7 - Shutdown initiated...
2025-10-10 21:51:23 [INFO ] com.zaxxer.hikari.HikariDataSource - HikariPool-7 - Shutdown completed.
2025-10-10 21:51:23 [INFO ] b.c.e.b.BibliotecaApplication - Starting BibliotecaApplication using Java 21.0.7 with PID 17948 (D:\aulas  Faculdade\Pos BackEndII\Pos BackEndII - 2025.2\exercicio\biblioteca\biblioteca\target\classes started by EmmyeManel in D:\aulas  Faculdade\Pos BackEndII\Pos BackEndII - 2025.2\exercicio\biblioteca\biblioteca)
2025-10-10 21:51:23 [INFO ] b.c.e.b.BibliotecaApplication - No active profile set, falling back to 1 default profile: "default"
2025-10-10 21:51:23 [INFO ] o.s.d.r.c.RepositoryConfigurationDelegate - Bootstrapping Spring Data JPA repositories in DEFAULT mode.
2025-10-10 21:51:23 [INFO ] o.s.d.r.c.RepositoryConfigurationDelegate - Finished Spring Data repository scanning in 42 ms. Found 5 JPA repository interfaces.
2025-10-10 21:51:24 [INFO ] o.s.b.w.e.tomcat.TomcatWebServer - Tomcat initialized with port 8080 (http)
2025-10-10 21:51:24 [INFO ] o.a.coyote.http11.Http11NioProtocol - Initializing ProtocolHandler ["http-nio-8080"]
2025-10-10 21:51:24 [INFO ] o.a.catalina.core.StandardService - Starting service [Tomcat]
2025-10-10 21:51:24 [INFO ] o.a.catalina.core.StandardEngine - Starting Servlet engine: [Apache Tomcat/10.1.46]
2025-10-10 21:51:24 [INFO ] o.a.c.c.C.[Tomcat].[localhost].[/] - Initializing Spring embedded WebApplicationContext
2025-10-10 21:51:24 [INFO ] o.s.b.w.s.c.ServletWebServerApplicationContext - Root WebApplicationContext: initialization completed in 842 ms
2025-10-10 21:51:24 [INFO ] o.h.jpa.internal.util.LogHelper - HHH000204: Processing PersistenceUnitInfo [name: default]
2025-10-10 21:51:24 [INFO ] o.h.c.i.RegionFactoryInitiator - HHH000026: Second-level cache disabled
2025-10-10 21:51:24 [INFO ] o.s.o.j.p.SpringPersistenceUnitInfo - No LoadTimeWeaver setup: ignoring JPA class transformer
2025-10-10 21:51:24 [INFO ] com.zaxxer.hikari.HikariDataSource - HikariPool-8 - Starting...
2025-10-10 21:51:24 [INFO ] com.zaxxer.hikari.pool.HikariPool - HikariPool-8 - Added connection com.mysql.cj.jdbc.ConnectionImpl@5339c33b
2025-10-10 21:51:24 [INFO ] com.zaxxer.hikari.HikariDataSource - HikariPool-8 - Start completed.
2025-10-10 21:51:24 [INFO ] o.hibernate.orm.connections.pooling - HHH10001005: Database info:
	Database JDBC URL [Connecting through datasource 'HikariDataSource (HikariPool-8)']
	Database driver: undefined/unknown
	Database version: 8.0
	Autocommit mode: undefined/unknown
	Isolation level: undefined/unknown
	Minimum pool size: undefined/unknown
	Maximum pool size: undefined/unknown
2025-10-10 21:51:24 [INFO ] o.h.e.t.j.p.i.JtaPlatformInitiator - HHH000489: No JTA platform available (set 'hibernate.transaction.jta.platform' to enable JTA platform integration)
2025-10-10 21:51:24 [INFO ] o.s.o.j.LocalContainerEntityManagerFactoryBean - Initialized JPA EntityManagerFactory for persistence unit 'default'
2025-10-10 21:51:25 [INFO ] o.s.b.d.a.OptionalLiveReloadServer - LiveReload server is running on port 35729
2025-10-10 21:51:25 [INFO ] o.a.coyote.http11.Http11NioProtocol - Starting ProtocolHandler ["http-nio-8080"]
2025-10-10 21:51:25 [INFO ] o.s.b.w.e.tomcat.TomcatWebServer - Tomcat started on port 8080 (http) with context path '/'
2025-10-10 21:51:25 [INFO ] b.c.e.b.BibliotecaApplication - Started BibliotecaApplication in 2.285 seconds (process running for 915.743)
2025-10-10 21:51:25 [INFO ] o.s.b.d.a.ConditionEvaluationDeltaLoggingListener - Condition evaluation unchanged
2025-10-10 21:51:46 [INFO ] o.s.b.d.a.LocalDevToolsAutoConfiguration$RestartingClassPathChangeChangedEventListener - Restarting due to 1 class path change (0 additions, 1 deletion, 0 modifications)
2025-10-10 21:51:46 [INFO ] o.s.b.w.e.tomcat.GracefulShutdown - Commencing graceful shutdown. Waiting for active requests to complete
2025-10-10 21:51:46 [INFO ] o.a.coyote.http11.Http11NioProtocol - Pausing ProtocolHandler ["http-nio-8080"]
2025-10-10 21:51:46 [INFO ] o.s.b.w.e.tomcat.GracefulShutdown - Graceful shutdown complete
2025-10-10 21:51:46 [INFO ] o.a.coyote.http11.Http11NioProtocol - Stopping ProtocolHandler ["http-nio-8080"]
2025-10-10 21:51:46 [INFO ] o.s.o.j.LocalContainerEntityManagerFactoryBean - Closing JPA EntityManagerFactory for persistence unit 'default'
2025-10-10 21:51:46 [INFO ] com.zaxxer.hikari.HikariDataSource - HikariPool-8 - Shutdown initiated...
2025-10-10 21:51:46 [INFO ] com.zaxxer.hikari.HikariDataSource - HikariPool-8 - Shutdown completed.
2025-10-10 21:51:46 [INFO ] b.c.e.b.BibliotecaApplication - Starting BibliotecaApplication using Java 21.0.7 with PID 17948 (D:\aulas  Faculdade\Pos BackEndII\Pos BackEndII - 2025.2\exercicio\biblioteca\biblioteca\target\classes started by EmmyeManel in D:\aulas  Faculdade\Pos BackEndII\Pos BackEndII - 2025.2\exercicio\biblioteca\biblioteca)
2025-10-10 21:51:46 [INFO ] b.c.e.b.BibliotecaApplication - No active profile set, falling back to 1 default profile: "default"
2025-10-10 21:51:47 [INFO ] o.s.d.r.c.RepositoryConfigurationDelegate - Bootstrapping Spring Data JPA repositories in DEFAULT mode.
2025-10-10 21:51:47 [INFO ] o.s.d.r.c.RepositoryConfigurationDelegate - Finished Spring Data repository scanning in 45 ms. Found 5 JPA repository interfaces.
2025-10-10 21:51:47 [INFO ] o.s.b.w.e.tomcat.TomcatWebServer - Tomcat initialized with port 8080 (http)
2025-10-10 21:51:47 [INFO ] o.a.coyote.http11.Http11NioProtocol - Initializing ProtocolHandler ["http-nio-8080"]
2025-10-10 21:51:47 [INFO ] o.a.catalina.core.StandardService - Starting service [Tomcat]
2025-10-10 21:51:47 [INFO ] o.a.catalina.core.StandardEngine - Starting Servlet engine: [Apache Tomcat/10.1.46]
2025-10-10 21:51:47 [INFO ] o.a.c.c.C.[Tomcat].[localhost].[/] - Initializing Spring embedded WebApplicationContext
2025-10-10 21:51:47 [INFO ] o.s.b.w.s.c.ServletWebServerApplicationContext - Root WebApplicationContext: initialization completed in 797 ms
2025-10-10 21:51:47 [INFO ] o.h.jpa.internal.util.LogHelper - HHH000204: Processing PersistenceUnitInfo [name: default]
2025-10-10 21:51:47 [INFO ] o.h.c.i.RegionFactoryInitiator - HHH000026: Second-level cache disabled
2025-10-10 21:51:47 [INFO ] o.s.o.j.p.SpringPersistenceUnitInfo - No LoadTimeWeaver setup: ignoring JPA class transformer
2025-10-10 21:51:47 [INFO ] com.zaxxer.hikari.HikariDataSource - HikariPool-9 - Starting...
2025-10-10 21:51:47 [INFO ] com.zaxxer.hikari.pool.HikariPool - HikariPool-9 - Added connection com.mysql.cj.jdbc.ConnectionImpl@54a60887
2025-10-10 21:51:47 [INFO ] com.zaxxer.hikari.HikariDataSource - HikariPool-9 - Start completed.
2025-10-10 21:51:47 [INFO ] o.hibernate.orm.connections.pooling - HHH10001005: Database info:
	Database JDBC URL [Connecting through datasource 'HikariDataSource (HikariPool-9)']
	Database driver: undefined/unknown
	Database version: 8.0
	Autocommit mode: undefined/unknown
	Isolation level: undefined/unknown
	Minimum pool size: undefined/unknown
	Maximum pool size: undefined/unknown
2025-10-10 21:51:47 [INFO ] o.h.e.t.j.p.i.JtaPlatformInitiator - HHH000489: No JTA platform available (set 'hibernate.transaction.jta.platform' to enable JTA platform integration)
2025-10-10 21:51:47 [INFO ] o.s.o.j.LocalContainerEntityManagerFactoryBean - Initialized JPA EntityManagerFactory for persistence unit 'default'
2025-10-10 21:51:48 [INFO ] o.s.b.d.a.OptionalLiveReloadServer - LiveReload server is running on port 35729
2025-10-10 21:51:48 [INFO ] o.a.coyote.http11.Http11NioProtocol - Starting ProtocolHandler ["http-nio-8080"]
2025-10-10 21:51:48 [INFO ] o.s.b.w.e.tomcat.TomcatWebServer - Tomcat started on port 8080 (http) with context path '/'
2025-10-10 21:51:48 [INFO ] b.c.e.b.BibliotecaApplication - Started BibliotecaApplication in 1.709 seconds (process running for 938.483)
2025-10-10 21:51:48 [INFO ] o.s.b.d.a.ConditionEvaluationDeltaLoggingListener - Condition evaluation unchanged
2025-10-10 21:51:49 [INFO ] o.s.b.d.a.LocalDevToolsAutoConfiguration$RestartingClassPathChangeChangedEventListener - Restarting due to 1 class path change (1 addition, 0 deletions, 0 modifications)
2025-10-10 21:51:49 [INFO ] o.s.b.w.e.tomcat.GracefulShutdown - Commencing graceful shutdown. Waiting for active requests to complete
2025-10-10 21:51:49 [INFO ] o.a.coyote.http11.Http11NioProtocol - Pausing ProtocolHandler ["http-nio-8080"]
2025-10-10 21:51:49 [INFO ] o.s.b.w.e.tomcat.GracefulShutdown - Graceful shutdown complete
2025-10-10 21:51:49 [INFO ] o.a.coyote.http11.Http11NioProtocol - Stopping ProtocolHandler ["http-nio-8080"]
2025-10-10 21:51:49 [INFO ] o.s.o.j.LocalContainerEntityManagerFactoryBean - Closing JPA EntityManagerFactory for persistence unit 'default'
2025-10-10 21:51:49 [INFO ] com.zaxxer.hikari.HikariDataSource - HikariPool-9 - Shutdown initiated...
2025-10-10 21:51:49 [INFO ] com.zaxxer.hikari.HikariDataSource - HikariPool-9 - Shutdown completed.
2025-10-10 21:51:49 [INFO ] b.c.e.b.BibliotecaApplication - Starting BibliotecaApplication using Java 21.0.7 with PID 17948 (D:\aulas  Faculdade\Pos BackEndII\Pos BackEndII - 2025.2\exercicio\biblioteca\biblioteca\target\classes started by EmmyeManel in D:\aulas  Faculdade\Pos BackEndII\Pos BackEndII - 2025.2\exercicio\biblioteca\biblioteca)
2025-10-10 21:51:49 [INFO ] b.c.e.b.BibliotecaApplication - No active profile set, falling back to 1 default profile: "default"
2025-10-10 21:51:50 [INFO ] o.s.b.a.l.ConditionEvaluationReportLogger - 

Error starting ApplicationContext. To display the condition evaluation report re-run your application with 'debug' enabled.
2025-10-10 22:12:08 [INFO ] b.c.e.b.BibliotecaApplication - Starting BibliotecaApplication using Java 21.0.7 with PID 17948 (D:\aulas  Faculdade\Pos BackEndII\Pos BackEndII - 2025.2\exercicio\biblioteca\biblioteca\target\classes started by EmmyeManel in D:\aulas  Faculdade\Pos BackEndII\Pos BackEndII - 2025.2\exercicio\biblioteca\biblioteca)
2025-10-10 22:12:08 [INFO ] b.c.e.b.BibliotecaApplication - No active profile set, falling back to 1 default profile: "default"
2025-10-10 22:12:08 [INFO ] o.s.d.r.c.RepositoryConfigurationDelegate - Bootstrapping Spring Data JPA repositories in DEFAULT mode.
2025-10-10 22:12:08 [INFO ] o.s.d.r.c.RepositoryConfigurationDelegate - Finished Spring Data repository scanning in 28 ms. Found 5 JPA repository interfaces.
2025-10-10 22:12:09 [INFO ] o.s.b.w.e.tomcat.TomcatWebServer - Tomcat initialized with port 8080 (http)
2025-10-10 22:12:09 [INFO ] o.a.coyote.http11.Http11NioProtocol - Initializing ProtocolHandler ["http-nio-8080"]
2025-10-10 22:12:09 [INFO ] o.a.catalina.core.StandardService - Starting service [Tomcat]
2025-10-10 22:12:09 [INFO ] o.a.catalina.core.StandardEngine - Starting Servlet engine: [Apache Tomcat/10.1.46]
2025-10-10 22:12:09 [INFO ] o.a.c.c.C.[Tomcat].[localhost].[/] - Initializing Spring embedded WebApplicationContext
2025-10-10 22:12:09 [INFO ] o.s.b.w.s.c.ServletWebServerApplicationContext - Root WebApplicationContext: initialization completed in 516 ms
2025-10-10 22:12:09 [INFO ] o.h.jpa.internal.util.LogHelper - HHH000204: Processing PersistenceUnitInfo [name: default]
2025-10-10 22:12:09 [INFO ] o.h.c.i.RegionFactoryInitiator - HHH000026: Second-level cache disabled
2025-10-10 22:12:09 [INFO ] o.s.o.j.p.SpringPersistenceUnitInfo - No LoadTimeWeaver setup: ignoring JPA class transformer
2025-10-10 22:12:09 [INFO ] com.zaxxer.hikari.HikariDataSource - HikariPool-10 - Starting...
2025-10-10 22:12:09 [INFO ] com.zaxxer.hikari.pool.HikariPool - HikariPool-10 - Added connection com.mysql.cj.jdbc.ConnectionImpl@42348cd6
2025-10-10 22:12:09 [INFO ] com.zaxxer.hikari.HikariDataSource - HikariPool-10 - Start completed.
2025-10-10 22:12:09 [INFO ] o.hibernate.orm.connections.pooling - HHH10001005: Database info:
	Database JDBC URL [Connecting through datasource 'HikariDataSource (HikariPool-10)']
	Database driver: undefined/unknown
	Database version: 8.0
	Autocommit mode: undefined/unknown
	Isolation level: undefined/unknown
	Minimum pool size: undefined/unknown
	Maximum pool size: undefined/unknown
2025-10-10 22:12:09 [INFO ] o.h.e.t.j.p.i.JtaPlatformInitiator - HHH000489: No JTA platform available (set 'hibernate.transaction.jta.platform' to enable JTA platform integration)
2025-10-10 22:12:09 [INFO ] o.s.o.j.LocalContainerEntityManagerFactoryBean - Initialized JPA EntityManagerFactory for persistence unit 'default'
2025-10-10 22:12:09 [INFO ] o.s.b.d.a.OptionalLiveReloadServer - LiveReload server is running on port 35729
2025-10-10 22:12:09 [INFO ] o.a.coyote.http11.Http11NioProtocol - Starting ProtocolHandler ["http-nio-8080"]
2025-10-10 22:12:09 [INFO ] o.s.b.w.e.tomcat.TomcatWebServer - Tomcat started on port 8080 (http) with context path '/'
2025-10-10 22:12:09 [INFO ] b.c.e.b.BibliotecaApplication - Started BibliotecaApplication in 1.274 seconds (process running for 2156.58)
2025-10-10 22:12:09 [INFO ] o.s.b.d.a.ConditionEvaluationDeltaLoggingListener - Condition evaluation unchanged
2025-10-10 22:12:11 [INFO ] o.s.b.d.a.LocalDevToolsAutoConfiguration$RestartingClassPathChangeChangedEventListener - Restarting due to 1 class path change (1 addition, 0 deletions, 0 modifications)
2025-10-10 22:12:11 [INFO ] o.s.b.w.e.tomcat.GracefulShutdown - Commencing graceful shutdown. Waiting for active requests to complete
2025-10-10 22:12:11 [INFO ] o.a.coyote.http11.Http11NioProtocol - Pausing ProtocolHandler ["http-nio-8080"]
2025-10-10 22:12:11 [INFO ] o.s.b.w.e.tomcat.GracefulShutdown - Graceful shutdown complete
2025-10-10 22:12:11 [INFO ] o.a.coyote.http11.Http11NioProtocol - Stopping ProtocolHandler ["http-nio-8080"]
2025-10-10 22:12:11 [INFO ] o.s.o.j.LocalContainerEntityManagerFactoryBean - Closing JPA EntityManagerFactory for persistence unit 'default'
2025-10-10 22:12:11 [INFO ] com.zaxxer.hikari.HikariDataSource - HikariPool-10 - Shutdown initiated...
2025-10-10 22:12:11 [INFO ] com.zaxxer.hikari.HikariDataSource - HikariPool-10 - Shutdown completed.
2025-10-10 22:12:11 [INFO ] b.c.e.b.BibliotecaApplication - Starting BibliotecaApplication using Java 21.0.7 with PID 17948 (D:\aulas  Faculdade\Pos BackEndII\Pos BackEndII - 2025.2\exercicio\biblioteca\biblioteca\target\classes started by EmmyeManel in D:\aulas  Faculdade\Pos BackEndII\Pos BackEndII - 2025.2\exercicio\biblioteca\biblioteca)
2025-10-10 22:12:11 [INFO ] b.c.e.b.BibliotecaApplication - No active profile set, falling back to 1 default profile: "default"
2025-10-10 22:12:11 [INFO ] o.s.b.a.l.ConditionEvaluationReportLogger - 

Error starting ApplicationContext. To display the condition evaluation report re-run your application with 'debug' enabled.
2025-10-10 22:12:42 [INFO ] o.h.validator.internal.util.Version - HV000001: Hibernate Validator 8.0.3.Final
2025-10-10 22:12:43 [INFO ] b.c.e.b.BibliotecaApplication - Starting BibliotecaApplication using Java 21.0.7 with PID 15584 (D:\aulas  Faculdade\Pos BackEndII\Pos BackEndII - 2025.2\exercicio\biblioteca\biblioteca\target\classes started by EmmyeManel in D:\aulas  Faculdade\Pos BackEndII\Pos BackEndII - 2025.2\exercicio\biblioteca\biblioteca)
2025-10-10 22:12:43 [INFO ] b.c.e.b.BibliotecaApplication - No active profile set, falling back to 1 default profile: "default"
2025-10-10 22:12:43 [INFO ] o.s.b.d.e.DevToolsPropertyDefaultsPostProcessor - Devtools property defaults active! Set 'spring.devtools.add-properties' to 'false' to disable
2025-10-10 22:12:43 [INFO ] o.s.b.d.e.DevToolsPropertyDefaultsPostProcessor - For additional web related logging consider setting the 'logging.level.web' property to 'DEBUG'
2025-10-10 22:12:44 [INFO ] o.s.b.a.l.ConditionEvaluationReportLogger - 

Error starting ApplicationContext. To display the condition evaluation report re-run your application with 'debug' enabled.
2025-10-10 22:23:00 [INFO ] o.h.validator.internal.util.Version - HV000001: Hibernate Validator 8.0.3.Final
2025-10-10 22:23:00 [INFO ] b.c.e.b.BibliotecaApplication - Starting BibliotecaApplication using Java 21.0.7 with PID 23672 (D:\aulas  Faculdade\Pos BackEndII\Pos BackEndII - 2025.2\exercicio\biblioteca\biblioteca\target\classes started by EmmyeManel in D:\aulas  Faculdade\Pos BackEndII\Pos BackEndII - 2025.2\exercicio\biblioteca\biblioteca)
2025-10-10 22:23:00 [INFO ] b.c.e.b.BibliotecaApplication - No active profile set, falling back to 1 default profile: "default"
2025-10-10 22:23:00 [INFO ] o.s.b.d.e.DevToolsPropertyDefaultsPostProcessor - Devtools property defaults active! Set 'spring.devtools.add-properties' to 'false' to disable
2025-10-10 22:23:00 [INFO ] o.s.b.d.e.DevToolsPropertyDefaultsPostProcessor - For additional web related logging consider setting the 'logging.level.web' property to 'DEBUG'
2025-10-10 22:23:01 [INFO ] o.s.d.r.c.RepositoryConfigurationDelegate - Bootstrapping Spring Data JPA repositories in DEFAULT mode.
2025-10-10 22:23:01 [INFO ] o.s.d.r.c.RepositoryConfigurationDelegate - Finished Spring Data repository scanning in 92 ms. Found 5 JPA repository interfaces.
2025-10-10 22:23:02 [INFO ] o.s.b.w.e.tomcat.TomcatWebServer - Tomcat initialized with port 8080 (http)
2025-10-10 22:23:02 [INFO ] o.a.coyote.http11.Http11NioProtocol - Initializing ProtocolHandler ["http-nio-8080"]
2025-10-10 22:23:02 [INFO ] o.a.catalina.core.StandardService - Starting service [Tomcat]
2025-10-10 22:23:02 [INFO ] o.a.catalina.core.StandardEngine - Starting Servlet engine: [Apache Tomcat/10.1.46]
2025-10-10 22:23:02 [INFO ] o.a.c.c.C.[Tomcat].[localhost].[/] - Initializing Spring embedded WebApplicationContext
2025-10-10 22:23:02 [INFO ] o.s.b.w.s.c.ServletWebServerApplicationContext - Root WebApplicationContext: initialization completed in 2138 ms
2025-10-10 22:23:02 [INFO ] o.h.jpa.internal.util.LogHelper - HHH000204: Processing PersistenceUnitInfo [name: default]
2025-10-10 22:23:02 [INFO ] org.hibernate.Version - HHH000412: Hibernate ORM core version 6.6.29.Final
2025-10-10 22:23:02 [INFO ] o.h.c.i.RegionFactoryInitiator - HHH000026: Second-level cache disabled
2025-10-10 22:23:03 [INFO ] o.s.o.j.p.SpringPersistenceUnitInfo - No LoadTimeWeaver setup: ignoring JPA class transformer
2025-10-10 22:23:03 [INFO ] com.zaxxer.hikari.HikariDataSource - HikariPool-1 - Starting...
2025-10-10 22:23:03 [INFO ] com.zaxxer.hikari.pool.HikariPool - HikariPool-1 - Added connection com.mysql.cj.jdbc.ConnectionImpl@5bca97fc
2025-10-10 22:23:03 [INFO ] com.zaxxer.hikari.HikariDataSource - HikariPool-1 - Start completed.
2025-10-10 22:23:03 [INFO ] o.hibernate.orm.connections.pooling - HHH10001005: Database info:
	Database JDBC URL [Connecting through datasource 'HikariDataSource (HikariPool-1)']
	Database driver: undefined/unknown
	Database version: 8.0
	Autocommit mode: undefined/unknown
	Isolation level: undefined/unknown
	Minimum pool size: undefined/unknown
	Maximum pool size: undefined/unknown
2025-10-10 22:23:05 [INFO ] o.h.e.t.j.p.i.JtaPlatformInitiator - HHH000489: No JTA platform available (set 'hibernate.transaction.jta.platform' to enable JTA platform integration)
2025-10-10 22:23:05 [INFO ] o.s.o.j.LocalContainerEntityManagerFactoryBean - Initialized JPA EntityManagerFactory for persistence unit 'default'
2025-10-10 22:23:06 [INFO ] o.s.b.d.a.OptionalLiveReloadServer - LiveReload server is running on port 35729
2025-10-10 22:23:06 [INFO ] o.a.coyote.http11.Http11NioProtocol - Starting ProtocolHandler ["http-nio-8080"]
2025-10-10 22:23:06 [INFO ] o.s.b.w.e.tomcat.TomcatWebServer - Tomcat started on port 8080 (http) with context path '/'
2025-10-10 22:23:06 [INFO ] b.c.e.b.BibliotecaApplication - Started BibliotecaApplication in 7.298 seconds (process running for 8.456)
2025-10-10 22:23:15 [INFO ] o.a.c.c.C.[Tomcat].[localhost].[/] - Initializing Spring DispatcherServlet 'dispatcherServlet'
2025-10-10 22:23:15 [INFO ] o.s.web.servlet.DispatcherServlet - Initializing Servlet 'dispatcherServlet'
2025-10-10 22:23:15 [INFO ] o.s.web.servlet.DispatcherServlet - Completed initialization in 2 ms
2025-10-10 22:24:52 [INFO ] o.s.b.w.e.tomcat.GracefulShutdown - Commencing graceful shutdown. Waiting for active requests to complete
2025-10-10 22:24:52 [INFO ] o.s.b.w.e.tomcat.GracefulShutdown - Graceful shutdown complete
2025-10-10 22:24:52 [INFO ] o.s.o.j.LocalContainerEntityManagerFactoryBean - Closing JPA EntityManagerFactory for persistence unit 'default'
2025-10-10 22:24:52 [INFO ] com.zaxxer.hikari.HikariDataSource - HikariPool-1 - Shutdown initiated...
2025-10-10 22:24:52 [INFO ] com.zaxxer.hikari.HikariDataSource - HikariPool-1 - Shutdown completed.
