2025-10-05 11:08:52 [INFO ] o.h.validator.internal.util.Version - HV000001: Hibernate Validator 8.0.3.Final
2025-10-05 11:08:52 [INFO ] b.c.e.b.BibliotecaApplication - Starting BibliotecaApplication using Java 21.0.7 with PID 20460 (D:\aulas  Faculdade\Pos BackEndII\Pos BackEndII - 2025.2\exercicio\biblioteca\biblioteca\target\classes started by EmmyeManel in D:\aulas  Faculdade\Pos BackEndII\Pos BackEndII - 2025.2\exercicio\biblioteca\biblioteca)
2025-10-05 11:08:52 [INFO ] b.c.e.b.BibliotecaApplication - No active profile set, falling back to 1 default profile: "default"
2025-10-05 11:08:52 [INFO ] o.s.b.d.e.DevToolsPropertyDefaultsPostProcessor - Devtools property defaults active! Set 'spring.devtools.add-properties' to 'false' to disable
2025-10-05 11:08:52 [INFO ] o.s.b.d.e.DevToolsPropertyDefaultsPostProcessor - For additional web related logging consider setting the 'logging.level.web' property to 'DEBUG'
2025-10-05 11:08:54 [INFO ] o.s.d.r.c.RepositoryConfigurationDelegate - Bootstrapping Spring Data JPA repositories in DEFAULT mode.
2025-10-05 11:08:54 [INFO ] o.s.d.r.c.RepositoryConfigurationDelegate - Finished Spring Data repository scanning in 140 ms. Found 5 JPA repository interfaces.
2025-10-05 11:08:55 [INFO ] o.s.b.w.e.tomcat.TomcatWebServer - Tomcat initialized with port 8080 (http)
2025-10-05 11:08:55 [INFO ] o.a.coyote.http11.Http11NioProtocol - Initializing ProtocolHandler ["http-nio-8080"]
2025-10-05 11:08:55 [INFO ] o.a.catalina.core.StandardService - Starting service [Tomcat]
2025-10-05 11:08:55 [INFO ] o.a.catalina.core.StandardEngine - Starting Servlet engine: [Apache Tomcat/10.1.46]
2025-10-05 11:08:56 [INFO ] o.a.c.c.C.[Tomcat].[localhost].[/] - Initializing Spring embedded WebApplicationContext
2025-10-05 11:08:56 [INFO ] o.s.b.w.s.c.ServletWebServerApplicationContext - Root WebApplicationContext: initialization completed in 3074 ms
2025-10-05 11:08:56 [INFO ] o.h.jpa.internal.util.LogHelper - HHH000204: Processing PersistenceUnitInfo [name: default]
2025-10-05 11:08:56 [INFO ] org.hibernate.Version - HHH000412: Hibernate ORM core version 6.6.29.Final
2025-10-05 11:08:56 [INFO ] o.h.c.i.RegionFactoryInitiator - HHH000026: Second-level cache disabled
2025-10-05 11:08:57 [INFO ] o.s.o.j.p.SpringPersistenceUnitInfo - No LoadTimeWeaver setup: ignoring JPA class transformer
2025-10-05 11:08:57 [INFO ] com.zaxxer.hikari.HikariDataSource - HikariPool-1 - Starting...
2025-10-05 11:08:57 [INFO ] com.zaxxer.hikari.pool.HikariPool - HikariPool-1 - Added connection com.mysql.cj.jdbc.ConnectionImpl@6df0ab9c
2025-10-05 11:08:57 [INFO ] com.zaxxer.hikari.HikariDataSource - HikariPool-1 - Start completed.
2025-10-05 11:08:57 [INFO ] o.hibernate.orm.connections.pooling - HHH10001005: Database info:
	Database JDBC URL [Connecting through datasource 'HikariDataSource (HikariPool-1)']
	Database driver: undefined/unknown
	Database version: 8.0
	Autocommit mode: undefined/unknown
	Isolation level: undefined/unknown
	Minimum pool size: undefined/unknown
	Maximum pool size: undefined/unknown
2025-10-05 11:09:00 [INFO ] o.h.e.t.j.p.i.JtaPlatformInitiator - HHH000489: No JTA platform available (set 'hibernate.transaction.jta.platform' to enable JTA platform integration)
2025-10-05 11:09:00 [INFO ] o.s.o.j.LocalContainerEntityManagerFactoryBean - Initialized JPA EntityManagerFactory for persistence unit 'default'
2025-10-05 11:09:02 [INFO ] o.s.b.d.a.OptionalLiveReloadServer - LiveReload server is running on port 35729
2025-10-05 11:09:02 [INFO ] o.a.coyote.http11.Http11NioProtocol - Starting ProtocolHandler ["http-nio-8080"]
2025-10-05 11:09:02 [INFO ] o.s.b.w.e.tomcat.TomcatWebServer - Tomcat started on port 8080 (http) with context path '/'
2025-10-05 11:09:02 [INFO ] b.c.e.b.BibliotecaApplication - Started BibliotecaApplication in 10.988 seconds (process running for 12.835)
2025-10-05 11:10:33 [INFO ] o.a.c.c.C.[Tomcat].[localhost].[/] - Initializing Spring DispatcherServlet 'dispatcherServlet'
2025-10-05 11:10:33 [INFO ] o.s.web.servlet.DispatcherServlet - Initializing Servlet 'dispatcherServlet'
2025-10-05 11:10:33 [INFO ] o.s.web.servlet.DispatcherServlet - Completed initialization in 3 ms
2025-10-05 11:22:06 [INFO ] o.s.b.d.a.LocalDevToolsAutoConfiguration$RestartingClassPathChangeChangedEventListener - Restarting due to 1 class path change (0 additions, 1 deletion, 0 modifications)
2025-10-05 11:22:06 [INFO ] o.s.b.w.e.tomcat.GracefulShutdown - Commencing graceful shutdown. Waiting for active requests to complete
2025-10-05 11:22:06 [INFO ] o.a.coyote.http11.Http11NioProtocol - Pausing ProtocolHandler ["http-nio-8080"]
2025-10-05 11:22:06 [INFO ] o.s.b.w.e.tomcat.GracefulShutdown - Graceful shutdown complete
2025-10-05 11:22:06 [INFO ] o.a.coyote.http11.Http11NioProtocol - Stopping ProtocolHandler ["http-nio-8080"]
2025-10-05 11:22:06 [INFO ] o.s.o.j.LocalContainerEntityManagerFactoryBean - Closing JPA EntityManagerFactory for persistence unit 'default'
2025-10-05 11:22:06 [INFO ] com.zaxxer.hikari.HikariDataSource - HikariPool-1 - Shutdown initiated...
2025-10-05 11:22:06 [INFO ] com.zaxxer.hikari.HikariDataSource - HikariPool-1 - Shutdown completed.
2025-10-05 11:22:06 [INFO ] b.c.e.b.BibliotecaApplication - Starting BibliotecaApplication using Java 21.0.7 with PID 20460 (D:\aulas  Faculdade\Pos BackEndII\Pos BackEndII - 2025.2\exercicio\biblioteca\biblioteca\target\classes started by EmmyeManel in D:\aulas  Faculdade\Pos BackEndII\Pos BackEndII - 2025.2\exercicio\biblioteca\biblioteca)
2025-10-05 11:22:06 [INFO ] b.c.e.b.BibliotecaApplication - No active profile set, falling back to 1 default profile: "default"
2025-10-05 11:22:07 [INFO ] o.s.d.r.c.RepositoryConfigurationDelegate - Bootstrapping Spring Data JPA repositories in DEFAULT mode.
2025-10-05 11:22:07 [INFO ] o.s.d.r.c.RepositoryConfigurationDelegate - Finished Spring Data repository scanning in 43 ms. Found 5 JPA repository interfaces.
2025-10-05 11:22:07 [INFO ] o.s.b.w.e.tomcat.TomcatWebServer - Tomcat initialized with port 8080 (http)
2025-10-05 11:22:07 [INFO ] o.a.coyote.http11.Http11NioProtocol - Initializing ProtocolHandler ["http-nio-8080"]
2025-10-05 11:22:07 [INFO ] o.a.catalina.core.StandardService - Starting service [Tomcat]
2025-10-05 11:22:07 [INFO ] o.a.catalina.core.StandardEngine - Starting Servlet engine: [Apache Tomcat/10.1.46]
2025-10-05 11:22:07 [INFO ] o.a.c.c.C.[Tomcat].[localhost].[/] - Initializing Spring embedded WebApplicationContext
2025-10-05 11:22:07 [INFO ] o.s.b.w.s.c.ServletWebServerApplicationContext - Root WebApplicationContext: initialization completed in 853 ms
2025-10-05 11:22:07 [INFO ] o.h.jpa.internal.util.LogHelper - HHH000204: Processing PersistenceUnitInfo [name: default]
2025-10-05 11:22:07 [INFO ] o.h.c.i.RegionFactoryInitiator - HHH000026: Second-level cache disabled
2025-10-05 11:22:07 [INFO ] o.s.o.j.p.SpringPersistenceUnitInfo - No LoadTimeWeaver setup: ignoring JPA class transformer
2025-10-05 11:22:07 [INFO ] com.zaxxer.hikari.HikariDataSource - HikariPool-2 - Starting...
2025-10-05 11:22:07 [INFO ] com.zaxxer.hikari.pool.HikariPool - HikariPool-2 - Added connection com.mysql.cj.jdbc.ConnectionImpl@4a46f71
2025-10-05 11:22:07 [INFO ] com.zaxxer.hikari.HikariDataSource - HikariPool-2 - Start completed.
2025-10-05 11:22:07 [INFO ] o.hibernate.orm.connections.pooling - HHH10001005: Database info:
	Database JDBC URL [Connecting through datasource 'HikariDataSource (HikariPool-2)']
	Database driver: undefined/unknown
	Database version: 8.0
	Autocommit mode: undefined/unknown
	Isolation level: undefined/unknown
	Minimum pool size: undefined/unknown
	Maximum pool size: undefined/unknown
2025-10-05 11:22:08 [INFO ] o.h.e.t.j.p.i.JtaPlatformInitiator - HHH000489: No JTA platform available (set 'hibernate.transaction.jta.platform' to enable JTA platform integration)
2025-10-05 11:22:08 [INFO ] o.s.o.j.LocalContainerEntityManagerFactoryBean - Initialized JPA EntityManagerFactory for persistence unit 'default'
2025-10-05 11:22:08 [INFO ] o.s.b.d.a.OptionalLiveReloadServer - LiveReload server is running on port 35729
2025-10-05 11:22:08 [INFO ] o.a.coyote.http11.Http11NioProtocol - Starting ProtocolHandler ["http-nio-8080"]
2025-10-05 11:22:08 [INFO ] o.s.b.w.e.tomcat.TomcatWebServer - Tomcat started on port 8080 (http) with context path '/'
2025-10-05 11:22:09 [INFO ] b.c.e.b.BibliotecaApplication - Started BibliotecaApplication in 2.224 seconds (process running for 799.332)
2025-10-05 11:22:09 [INFO ] o.s.b.d.a.ConditionEvaluationDeltaLoggingListener - Condition evaluation unchanged
2025-10-05 11:22:10 [INFO ] o.s.b.d.a.LocalDevToolsAutoConfiguration$RestartingClassPathChangeChangedEventListener - Restarting due to 1 class path change (1 addition, 0 deletions, 0 modifications)
2025-10-05 11:22:10 [INFO ] o.s.b.w.e.tomcat.GracefulShutdown - Commencing graceful shutdown. Waiting for active requests to complete
2025-10-05 11:22:10 [INFO ] o.a.coyote.http11.Http11NioProtocol - Pausing ProtocolHandler ["http-nio-8080"]
2025-10-05 11:22:10 [INFO ] o.s.b.w.e.tomcat.GracefulShutdown - Graceful shutdown complete
2025-10-05 11:22:10 [INFO ] o.a.coyote.http11.Http11NioProtocol - Stopping ProtocolHandler ["http-nio-8080"]
2025-10-05 11:22:10 [INFO ] o.s.o.j.LocalContainerEntityManagerFactoryBean - Closing JPA EntityManagerFactory for persistence unit 'default'
2025-10-05 11:22:10 [INFO ] com.zaxxer.hikari.HikariDataSource - HikariPool-2 - Shutdown initiated...
2025-10-05 11:22:10 [INFO ] com.zaxxer.hikari.HikariDataSource - HikariPool-2 - Shutdown completed.
2025-10-05 11:22:10 [INFO ] b.c.e.b.BibliotecaApplication - Starting BibliotecaApplication using Java 21.0.7 with PID 20460 (D:\aulas  Faculdade\Pos BackEndII\Pos BackEndII - 2025.2\exercicio\biblioteca\biblioteca\target\classes started by EmmyeManel in D:\aulas  Faculdade\Pos BackEndII\Pos BackEndII - 2025.2\exercicio\biblioteca\biblioteca)
2025-10-05 11:22:10 [INFO ] b.c.e.b.BibliotecaApplication - No active profile set, falling back to 1 default profile: "default"
2025-10-05 11:22:11 [INFO ] o.s.d.r.c.RepositoryConfigurationDelegate - Bootstrapping Spring Data JPA repositories in DEFAULT mode.
2025-10-05 11:22:11 [INFO ] o.s.d.r.c.RepositoryConfigurationDelegate - Finished Spring Data repository scanning in 54 ms. Found 5 JPA repository interfaces.
2025-10-05 11:22:11 [INFO ] o.s.b.w.e.tomcat.TomcatWebServer - Tomcat initialized with port 8080 (http)
2025-10-05 11:22:11 [INFO ] o.a.coyote.http11.Http11NioProtocol - Initializing ProtocolHandler ["http-nio-8080"]
2025-10-05 11:22:11 [INFO ] o.a.catalina.core.StandardService - Starting service [Tomcat]
2025-10-05 11:22:11 [INFO ] o.a.catalina.core.StandardEngine - Starting Servlet engine: [Apache Tomcat/10.1.46]
2025-10-05 11:22:11 [INFO ] o.a.c.c.C.[Tomcat].[localhost].[/] - Initializing Spring embedded WebApplicationContext
2025-10-05 11:22:11 [INFO ] o.s.b.w.s.c.ServletWebServerApplicationContext - Root WebApplicationContext: initialization completed in 874 ms
2025-10-05 11:22:11 [INFO ] o.h.jpa.internal.util.LogHelper - HHH000204: Processing PersistenceUnitInfo [name: default]
2025-10-05 11:22:11 [INFO ] o.h.c.i.RegionFactoryInitiator - HHH000026: Second-level cache disabled
2025-10-05 11:22:11 [INFO ] o.s.o.j.p.SpringPersistenceUnitInfo - No LoadTimeWeaver setup: ignoring JPA class transformer
2025-10-05 11:22:11 [INFO ] com.zaxxer.hikari.HikariDataSource - HikariPool-3 - Starting...
2025-10-05 11:22:11 [INFO ] com.zaxxer.hikari.pool.HikariPool - HikariPool-3 - Added connection com.mysql.cj.jdbc.ConnectionImpl@15f93e88
2025-10-05 11:22:11 [INFO ] com.zaxxer.hikari.HikariDataSource - HikariPool-3 - Start completed.
2025-10-05 11:22:11 [INFO ] o.hibernate.orm.connections.pooling - HHH10001005: Database info:
	Database JDBC URL [Connecting through datasource 'HikariDataSource (HikariPool-3)']
	Database driver: undefined/unknown
	Database version: 8.0
	Autocommit mode: undefined/unknown
	Isolation level: undefined/unknown
	Minimum pool size: undefined/unknown
	Maximum pool size: undefined/unknown
2025-10-05 11:22:11 [INFO ] o.h.e.t.j.p.i.JtaPlatformInitiator - HHH000489: No JTA platform available (set 'hibernate.transaction.jta.platform' to enable JTA platform integration)
2025-10-05 11:22:11 [INFO ] o.s.o.j.LocalContainerEntityManagerFactoryBean - Initialized JPA EntityManagerFactory for persistence unit 'default'
2025-10-05 11:22:12 [INFO ] o.s.b.d.a.OptionalLiveReloadServer - LiveReload server is running on port 35729
2025-10-05 11:22:12 [INFO ] o.a.coyote.http11.Http11NioProtocol - Starting ProtocolHandler ["http-nio-8080"]
2025-10-05 11:22:12 [INFO ] o.s.b.w.e.tomcat.TomcatWebServer - Tomcat started on port 8080 (http) with context path '/'
2025-10-05 11:22:12 [INFO ] b.c.e.b.BibliotecaApplication - Started BibliotecaApplication in 1.895 seconds (process running for 802.783)
2025-10-05 11:22:12 [INFO ] o.s.b.d.a.ConditionEvaluationDeltaLoggingListener - Condition evaluation unchanged
2025-10-05 11:22:18 [INFO ] o.a.c.c.C.[Tomcat].[localhost].[/] - Initializing Spring DispatcherServlet 'dispatcherServlet'
2025-10-05 11:22:18 [INFO ] o.s.web.servlet.DispatcherServlet - Initializing Servlet 'dispatcherServlet'
2025-10-05 11:22:18 [INFO ] o.s.web.servlet.DispatcherServlet - Completed initialization in 3 ms
2025-10-05 11:36:40 [INFO ] o.s.b.d.a.LocalDevToolsAutoConfiguration$RestartingClassPathChangeChangedEventListener - Restarting due to 1 class path change (0 additions, 1 deletion, 0 modifications)
2025-10-05 11:36:40 [INFO ] o.s.b.w.e.tomcat.GracefulShutdown - Commencing graceful shutdown. Waiting for active requests to complete
2025-10-05 11:36:40 [INFO ] o.a.coyote.http11.Http11NioProtocol - Pausing ProtocolHandler ["http-nio-8080"]
2025-10-05 11:36:40 [INFO ] o.s.b.w.e.tomcat.GracefulShutdown - Graceful shutdown complete
2025-10-05 11:36:40 [INFO ] o.a.coyote.http11.Http11NioProtocol - Stopping ProtocolHandler ["http-nio-8080"]
2025-10-05 11:36:40 [INFO ] o.s.o.j.LocalContainerEntityManagerFactoryBean - Closing JPA EntityManagerFactory for persistence unit 'default'
2025-10-05 11:36:40 [INFO ] com.zaxxer.hikari.HikariDataSource - HikariPool-3 - Shutdown initiated...
2025-10-05 11:36:40 [INFO ] com.zaxxer.hikari.HikariDataSource - HikariPool-3 - Shutdown completed.
2025-10-05 11:36:40 [INFO ] b.c.e.b.BibliotecaApplication - Starting BibliotecaApplication using Java 21.0.7 with PID 20460 (D:\aulas  Faculdade\Pos BackEndII\Pos BackEndII - 2025.2\exercicio\biblioteca\biblioteca\target\classes started by EmmyeManel in D:\aulas  Faculdade\Pos BackEndII\Pos BackEndII - 2025.2\exercicio\biblioteca\biblioteca)
2025-10-05 11:36:40 [INFO ] b.c.e.b.BibliotecaApplication - No active profile set, falling back to 1 default profile: "default"
2025-10-05 11:36:40 [INFO ] o.s.d.r.c.RepositoryConfigurationDelegate - Bootstrapping Spring Data JPA repositories in DEFAULT mode.
2025-10-05 11:36:40 [INFO ] o.s.d.r.c.RepositoryConfigurationDelegate - Finished Spring Data repository scanning in 44 ms. Found 5 JPA repository interfaces.
2025-10-05 11:36:41 [INFO ] o.s.b.w.e.tomcat.TomcatWebServer - Tomcat initialized with port 8080 (http)
2025-10-05 11:36:41 [INFO ] o.a.coyote.http11.Http11NioProtocol - Initializing ProtocolHandler ["http-nio-8080"]
2025-10-05 11:36:41 [INFO ] o.a.catalina.core.StandardService - Starting service [Tomcat]
2025-10-05 11:36:41 [INFO ] o.a.catalina.core.StandardEngine - Starting Servlet engine: [Apache Tomcat/10.1.46]
2025-10-05 11:36:41 [INFO ] o.a.c.c.C.[Tomcat].[localhost].[/] - Initializing Spring embedded WebApplicationContext
2025-10-05 11:36:41 [INFO ] o.s.b.w.s.c.ServletWebServerApplicationContext - Root WebApplicationContext: initialization completed in 803 ms
2025-10-05 11:36:41 [INFO ] o.h.jpa.internal.util.LogHelper - HHH000204: Processing PersistenceUnitInfo [name: default]
2025-10-05 11:36:41 [INFO ] o.h.c.i.RegionFactoryInitiator - HHH000026: Second-level cache disabled
2025-10-05 11:36:41 [INFO ] o.s.o.j.p.SpringPersistenceUnitInfo - No LoadTimeWeaver setup: ignoring JPA class transformer
2025-10-05 11:36:41 [INFO ] com.zaxxer.hikari.HikariDataSource - HikariPool-4 - Starting...
2025-10-05 11:36:41 [INFO ] com.zaxxer.hikari.pool.HikariPool - HikariPool-4 - Added connection com.mysql.cj.jdbc.ConnectionImpl@20f40dca
2025-10-05 11:36:41 [INFO ] com.zaxxer.hikari.HikariDataSource - HikariPool-4 - Start completed.
2025-10-05 11:36:41 [INFO ] o.hibernate.orm.connections.pooling - HHH10001005: Database info:
	Database JDBC URL [Connecting through datasource 'HikariDataSource (HikariPool-4)']
	Database driver: undefined/unknown
	Database version: 8.0
	Autocommit mode: undefined/unknown
	Isolation level: undefined/unknown
	Minimum pool size: undefined/unknown
	Maximum pool size: undefined/unknown
2025-10-05 11:36:41 [INFO ] o.h.e.t.j.p.i.JtaPlatformInitiator - HHH000489: No JTA platform available (set 'hibernate.transaction.jta.platform' to enable JTA platform integration)
2025-10-05 11:36:41 [INFO ] o.s.o.j.LocalContainerEntityManagerFactoryBean - Initialized JPA EntityManagerFactory for persistence unit 'default'
2025-10-05 11:36:42 [INFO ] o.s.b.d.a.OptionalLiveReloadServer - LiveReload server is running on port 35729
2025-10-05 11:36:42 [INFO ] o.a.coyote.http11.Http11NioProtocol - Starting ProtocolHandler ["http-nio-8080"]
2025-10-05 11:36:42 [INFO ] o.s.b.w.e.tomcat.TomcatWebServer - Tomcat started on port 8080 (http) with context path '/'
2025-10-05 11:36:42 [INFO ] b.c.e.b.BibliotecaApplication - Started BibliotecaApplication in 1.928 seconds (process running for 1672.598)
2025-10-05 11:36:42 [INFO ] o.s.b.d.a.ConditionEvaluationDeltaLoggingListener - Condition evaluation unchanged
2025-10-05 11:36:43 [INFO ] o.s.b.d.a.LocalDevToolsAutoConfiguration$RestartingClassPathChangeChangedEventListener - Restarting due to 1 class path change (1 addition, 0 deletions, 0 modifications)
2025-10-05 11:36:43 [INFO ] o.s.b.w.e.tomcat.GracefulShutdown - Commencing graceful shutdown. Waiting for active requests to complete
2025-10-05 11:36:43 [INFO ] o.a.coyote.http11.Http11NioProtocol - Pausing ProtocolHandler ["http-nio-8080"]
2025-10-05 11:36:43 [INFO ] o.s.b.w.e.tomcat.GracefulShutdown - Graceful shutdown complete
2025-10-05 11:36:43 [INFO ] o.a.coyote.http11.Http11NioProtocol - Stopping ProtocolHandler ["http-nio-8080"]
2025-10-05 11:36:43 [INFO ] o.s.o.j.LocalContainerEntityManagerFactoryBean - Closing JPA EntityManagerFactory for persistence unit 'default'
2025-10-05 11:36:43 [INFO ] com.zaxxer.hikari.HikariDataSource - HikariPool-4 - Shutdown initiated...
2025-10-05 11:36:43 [INFO ] com.zaxxer.hikari.HikariDataSource - HikariPool-4 - Shutdown completed.
2025-10-05 11:36:43 [INFO ] b.c.e.b.BibliotecaApplication - Starting BibliotecaApplication using Java 21.0.7 with PID 20460 (D:\aulas  Faculdade\Pos BackEndII\Pos BackEndII - 2025.2\exercicio\biblioteca\biblioteca\target\classes started by EmmyeManel in D:\aulas  Faculdade\Pos BackEndII\Pos BackEndII - 2025.2\exercicio\biblioteca\biblioteca)
2025-10-05 11:36:43 [INFO ] b.c.e.b.BibliotecaApplication - No active profile set, falling back to 1 default profile: "default"
2025-10-05 11:36:44 [INFO ] o.s.d.r.c.RepositoryConfigurationDelegate - Bootstrapping Spring Data JPA repositories in DEFAULT mode.
2025-10-05 11:36:44 [INFO ] o.s.d.r.c.RepositoryConfigurationDelegate - Finished Spring Data repository scanning in 37 ms. Found 5 JPA repository interfaces.
2025-10-05 11:36:44 [INFO ] o.s.b.w.e.tomcat.TomcatWebServer - Tomcat initialized with port 8080 (http)
2025-10-05 11:36:44 [INFO ] o.a.coyote.http11.Http11NioProtocol - Initializing ProtocolHandler ["http-nio-8080"]
2025-10-05 11:36:44 [INFO ] o.a.catalina.core.StandardService - Starting service [Tomcat]
2025-10-05 11:36:44 [INFO ] o.a.catalina.core.StandardEngine - Starting Servlet engine: [Apache Tomcat/10.1.46]
2025-10-05 11:36:44 [INFO ] o.a.c.c.C.[Tomcat].[localhost].[/] - Initializing Spring embedded WebApplicationContext
2025-10-05 11:36:44 [INFO ] o.s.b.w.s.c.ServletWebServerApplicationContext - Root WebApplicationContext: initialization completed in 683 ms
2025-10-05 11:36:44 [INFO ] o.h.jpa.internal.util.LogHelper - HHH000204: Processing PersistenceUnitInfo [name: default]
2025-10-05 11:36:44 [INFO ] o.h.c.i.RegionFactoryInitiator - HHH000026: Second-level cache disabled
2025-10-05 11:36:44 [INFO ] o.s.o.j.p.SpringPersistenceUnitInfo - No LoadTimeWeaver setup: ignoring JPA class transformer
2025-10-05 11:36:44 [INFO ] com.zaxxer.hikari.HikariDataSource - HikariPool-5 - Starting...
2025-10-05 11:36:44 [INFO ] com.zaxxer.hikari.pool.HikariPool - HikariPool-5 - Added connection com.mysql.cj.jdbc.ConnectionImpl@4916ee91
2025-10-05 11:36:44 [INFO ] com.zaxxer.hikari.HikariDataSource - HikariPool-5 - Start completed.
2025-10-05 11:36:44 [INFO ] o.hibernate.orm.connections.pooling - HHH10001005: Database info:
	Database JDBC URL [Connecting through datasource 'HikariDataSource (HikariPool-5)']
	Database driver: undefined/unknown
	Database version: 8.0
	Autocommit mode: undefined/unknown
	Isolation level: undefined/unknown
	Minimum pool size: undefined/unknown
	Maximum pool size: undefined/unknown
2025-10-05 11:36:44 [INFO ] o.h.e.t.j.p.i.JtaPlatformInitiator - HHH000489: No JTA platform available (set 'hibernate.transaction.jta.platform' to enable JTA platform integration)
2025-10-05 11:36:45 [INFO ] o.s.o.j.LocalContainerEntityManagerFactoryBean - Initialized JPA EntityManagerFactory for persistence unit 'default'
2025-10-05 11:36:45 [INFO ] o.s.b.d.a.OptionalLiveReloadServer - LiveReload server is running on port 35729
2025-10-05 11:36:45 [INFO ] o.a.coyote.http11.Http11NioProtocol - Starting ProtocolHandler ["http-nio-8080"]
2025-10-05 11:36:45 [INFO ] o.s.b.w.e.tomcat.TomcatWebServer - Tomcat started on port 8080 (http) with context path '/'
2025-10-05 11:36:45 [INFO ] b.c.e.b.BibliotecaApplication - Started BibliotecaApplication in 1.874 seconds (process running for 1676.025)
2025-10-05 11:36:45 [INFO ] o.s.b.d.a.ConditionEvaluationDeltaLoggingListener - Condition evaluation unchanged
2025-10-05 11:37:16 [INFO ] o.s.b.d.a.LocalDevToolsAutoConfiguration$RestartingClassPathChangeChangedEventListener - Restarting due to 1 class path change (0 additions, 1 deletion, 0 modifications)
2025-10-05 11:37:16 [INFO ] o.s.b.w.e.tomcat.GracefulShutdown - Commencing graceful shutdown. Waiting for active requests to complete
2025-10-05 11:37:16 [INFO ] o.a.coyote.http11.Http11NioProtocol - Pausing ProtocolHandler ["http-nio-8080"]
2025-10-05 11:37:16 [INFO ] o.s.b.w.e.tomcat.GracefulShutdown - Graceful shutdown complete
2025-10-05 11:37:16 [INFO ] o.a.coyote.http11.Http11NioProtocol - Stopping ProtocolHandler ["http-nio-8080"]
2025-10-05 11:37:16 [INFO ] o.s.o.j.LocalContainerEntityManagerFactoryBean - Closing JPA EntityManagerFactory for persistence unit 'default'
2025-10-05 11:37:16 [INFO ] com.zaxxer.hikari.HikariDataSource - HikariPool-5 - Shutdown initiated...
2025-10-05 11:37:16 [INFO ] com.zaxxer.hikari.HikariDataSource - HikariPool-5 - Shutdown completed.
2025-10-05 11:37:16 [INFO ] b.c.e.b.BibliotecaApplication - Starting BibliotecaApplication using Java 21.0.7 with PID 20460 (D:\aulas  Faculdade\Pos BackEndII\Pos BackEndII - 2025.2\exercicio\biblioteca\biblioteca\target\classes started by EmmyeManel in D:\aulas  Faculdade\Pos BackEndII\Pos BackEndII - 2025.2\exercicio\biblioteca\biblioteca)
2025-10-05 11:37:16 [INFO ] b.c.e.b.BibliotecaApplication - No active profile set, falling back to 1 default profile: "default"
2025-10-05 11:37:17 [INFO ] o.s.d.r.c.RepositoryConfigurationDelegate - Bootstrapping Spring Data JPA repositories in DEFAULT mode.
2025-10-05 11:37:17 [INFO ] o.s.d.r.c.RepositoryConfigurationDelegate - Finished Spring Data repository scanning in 47 ms. Found 5 JPA repository interfaces.
2025-10-05 11:37:17 [INFO ] o.s.b.w.e.tomcat.TomcatWebServer - Tomcat initialized with port 8080 (http)
2025-10-05 11:37:17 [INFO ] o.a.coyote.http11.Http11NioProtocol - Initializing ProtocolHandler ["http-nio-8080"]
2025-10-05 11:37:17 [INFO ] o.a.catalina.core.StandardService - Starting service [Tomcat]
2025-10-05 11:37:17 [INFO ] o.a.catalina.core.StandardEngine - Starting Servlet engine: [Apache Tomcat/10.1.46]
2025-10-05 11:37:17 [INFO ] o.a.c.c.C.[Tomcat].[localhost].[/] - Initializing Spring embedded WebApplicationContext
2025-10-05 11:37:17 [INFO ] o.s.b.w.s.c.ServletWebServerApplicationContext - Root WebApplicationContext: initialization completed in 720 ms
2025-10-05 11:37:17 [INFO ] o.h.jpa.internal.util.LogHelper - HHH000204: Processing PersistenceUnitInfo [name: default]
2025-10-05 11:37:17 [INFO ] o.h.c.i.RegionFactoryInitiator - HHH000026: Second-level cache disabled
2025-10-05 11:37:17 [INFO ] o.s.o.j.p.SpringPersistenceUnitInfo - No LoadTimeWeaver setup: ignoring JPA class transformer
2025-10-05 11:37:17 [INFO ] com.zaxxer.hikari.HikariDataSource - HikariPool-6 - Starting...
2025-10-05 11:37:17 [INFO ] com.zaxxer.hikari.pool.HikariPool - HikariPool-6 - Added connection com.mysql.cj.jdbc.ConnectionImpl@2c3ccd2
2025-10-05 11:37:17 [INFO ] com.zaxxer.hikari.HikariDataSource - HikariPool-6 - Start completed.
2025-10-05 11:37:17 [INFO ] o.hibernate.orm.connections.pooling - HHH10001005: Database info:
	Database JDBC URL [Connecting through datasource 'HikariDataSource (HikariPool-6)']
	Database driver: undefined/unknown
	Database version: 8.0
	Autocommit mode: undefined/unknown
	Isolation level: undefined/unknown
	Minimum pool size: undefined/unknown
	Maximum pool size: undefined/unknown
2025-10-05 11:37:17 [INFO ] o.h.e.t.j.p.i.JtaPlatformInitiator - HHH000489: No JTA platform available (set 'hibernate.transaction.jta.platform' to enable JTA platform integration)
2025-10-05 11:37:18 [INFO ] o.s.o.j.LocalContainerEntityManagerFactoryBean - Initialized JPA EntityManagerFactory for persistence unit 'default'
2025-10-05 11:37:18 [INFO ] o.s.b.d.a.OptionalLiveReloadServer - LiveReload server is running on port 35729
2025-10-05 11:37:18 [INFO ] o.a.coyote.http11.Http11NioProtocol - Starting ProtocolHandler ["http-nio-8080"]
2025-10-05 11:37:18 [INFO ] o.s.b.w.e.tomcat.TomcatWebServer - Tomcat started on port 8080 (http) with context path '/'
2025-10-05 11:37:18 [INFO ] b.c.e.b.BibliotecaApplication - Started BibliotecaApplication in 1.738 seconds (process running for 1708.872)
2025-10-05 11:37:18 [INFO ] o.s.b.d.a.ConditionEvaluationDeltaLoggingListener - Condition evaluation unchanged
2025-10-05 11:38:22 [INFO ] o.s.b.d.a.LocalDevToolsAutoConfiguration$RestartingClassPathChangeChangedEventListener - Restarting due to 1 class path change (1 addition, 0 deletions, 0 modifications)
2025-10-05 11:38:22 [INFO ] o.s.b.w.e.tomcat.GracefulShutdown - Commencing graceful shutdown. Waiting for active requests to complete
2025-10-05 11:38:22 [INFO ] o.a.coyote.http11.Http11NioProtocol - Pausing ProtocolHandler ["http-nio-8080"]
2025-10-05 11:38:22 [INFO ] o.s.b.w.e.tomcat.GracefulShutdown - Graceful shutdown complete
2025-10-05 11:38:22 [INFO ] o.a.coyote.http11.Http11NioProtocol - Stopping ProtocolHandler ["http-nio-8080"]
2025-10-05 11:38:22 [INFO ] o.s.o.j.LocalContainerEntityManagerFactoryBean - Closing JPA EntityManagerFactory for persistence unit 'default'
2025-10-05 11:38:22 [INFO ] com.zaxxer.hikari.HikariDataSource - HikariPool-6 - Shutdown initiated...
2025-10-05 11:38:22 [INFO ] com.zaxxer.hikari.HikariDataSource - HikariPool-6 - Shutdown completed.
2025-10-05 11:38:22 [INFO ] b.c.e.b.BibliotecaApplication - Starting BibliotecaApplication using Java 21.0.7 with PID 20460 (D:\aulas  Faculdade\Pos BackEndII\Pos BackEndII - 2025.2\exercicio\biblioteca\biblioteca\target\classes started by EmmyeManel in D:\aulas  Faculdade\Pos BackEndII\Pos BackEndII - 2025.2\exercicio\biblioteca\biblioteca)
2025-10-05 11:38:22 [INFO ] b.c.e.b.BibliotecaApplication - No active profile set, falling back to 1 default profile: "default"
2025-10-05 11:38:22 [INFO ] o.s.d.r.c.RepositoryConfigurationDelegate - Bootstrapping Spring Data JPA repositories in DEFAULT mode.
2025-10-05 11:38:22 [INFO ] o.s.d.r.c.RepositoryConfigurationDelegate - Finished Spring Data repository scanning in 35 ms. Found 5 JPA repository interfaces.
2025-10-05 11:38:22 [INFO ] o.s.b.w.e.tomcat.TomcatWebServer - Tomcat initialized with port 8080 (http)
2025-10-05 11:38:22 [INFO ] o.a.coyote.http11.Http11NioProtocol - Initializing ProtocolHandler ["http-nio-8080"]
2025-10-05 11:38:22 [INFO ] o.a.catalina.core.StandardService - Starting service [Tomcat]
2025-10-05 11:38:22 [INFO ] o.a.catalina.core.StandardEngine - Starting Servlet engine: [Apache Tomcat/10.1.46]
2025-10-05 11:38:22 [INFO ] o.a.c.c.C.[Tomcat].[localhost].[/] - Initializing Spring embedded WebApplicationContext
2025-10-05 11:38:22 [INFO ] o.s.b.w.s.c.ServletWebServerApplicationContext - Root WebApplicationContext: initialization completed in 645 ms
2025-10-05 11:38:23 [INFO ] o.h.jpa.internal.util.LogHelper - HHH000204: Processing PersistenceUnitInfo [name: default]
2025-10-05 11:38:23 [INFO ] o.h.c.i.RegionFactoryInitiator - HHH000026: Second-level cache disabled
2025-10-05 11:38:23 [INFO ] o.s.o.j.p.SpringPersistenceUnitInfo - No LoadTimeWeaver setup: ignoring JPA class transformer
2025-10-05 11:38:23 [INFO ] com.zaxxer.hikari.HikariDataSource - HikariPool-7 - Starting...
2025-10-05 11:38:23 [INFO ] com.zaxxer.hikari.pool.HikariPool - HikariPool-7 - Added connection com.mysql.cj.jdbc.ConnectionImpl@27f60d80
2025-10-05 11:38:23 [INFO ] com.zaxxer.hikari.HikariDataSource - HikariPool-7 - Start completed.
2025-10-05 11:38:23 [INFO ] o.hibernate.orm.connections.pooling - HHH10001005: Database info:
	Database JDBC URL [Connecting through datasource 'HikariDataSource (HikariPool-7)']
	Database driver: undefined/unknown
	Database version: 8.0
	Autocommit mode: undefined/unknown
	Isolation level: undefined/unknown
	Minimum pool size: undefined/unknown
	Maximum pool size: undefined/unknown
2025-10-05 11:38:23 [INFO ] o.h.e.t.j.p.i.JtaPlatformInitiator - HHH000489: No JTA platform available (set 'hibernate.transaction.jta.platform' to enable JTA platform integration)
2025-10-05 11:38:23 [INFO ] o.s.o.j.LocalContainerEntityManagerFactoryBean - Initialized JPA EntityManagerFactory for persistence unit 'default'
2025-10-05 11:38:24 [INFO ] o.s.b.d.a.OptionalLiveReloadServer - LiveReload server is running on port 35729
2025-10-05 11:38:24 [INFO ] o.a.coyote.http11.Http11NioProtocol - Starting ProtocolHandler ["http-nio-8080"]
2025-10-05 11:38:24 [INFO ] o.s.b.w.e.tomcat.TomcatWebServer - Tomcat started on port 8080 (http) with context path '/'
2025-10-05 11:38:24 [INFO ] b.c.e.b.BibliotecaApplication - Started BibliotecaApplication in 1.919 seconds (process running for 1774.443)
2025-10-05 11:38:24 [INFO ] o.s.b.d.a.ConditionEvaluationDeltaLoggingListener - Condition evaluation unchanged
2025-10-05 11:38:33 [INFO ] o.s.b.d.a.LocalDevToolsAutoConfiguration$RestartingClassPathChangeChangedEventListener - Restarting due to 1 class path change (1 addition, 0 deletions, 0 modifications)
2025-10-05 11:38:33 [INFO ] o.s.b.w.e.tomcat.GracefulShutdown - Commencing graceful shutdown. Waiting for active requests to complete
2025-10-05 11:38:33 [INFO ] o.a.coyote.http11.Http11NioProtocol - Pausing ProtocolHandler ["http-nio-8080"]
2025-10-05 11:38:33 [INFO ] o.s.b.w.e.tomcat.GracefulShutdown - Graceful shutdown complete
2025-10-05 11:38:33 [INFO ] o.a.coyote.http11.Http11NioProtocol - Stopping ProtocolHandler ["http-nio-8080"]
2025-10-05 11:38:33 [INFO ] o.s.o.j.LocalContainerEntityManagerFactoryBean - Closing JPA EntityManagerFactory for persistence unit 'default'
2025-10-05 11:38:33 [INFO ] com.zaxxer.hikari.HikariDataSource - HikariPool-7 - Shutdown initiated...
2025-10-05 11:38:33 [INFO ] com.zaxxer.hikari.HikariDataSource - HikariPool-7 - Shutdown completed.
2025-10-05 11:38:33 [INFO ] b.c.e.b.BibliotecaApplication - Starting BibliotecaApplication using Java 21.0.7 with PID 20460 (D:\aulas  Faculdade\Pos BackEndII\Pos BackEndII - 2025.2\exercicio\biblioteca\biblioteca\target\classes started by EmmyeManel in D:\aulas  Faculdade\Pos BackEndII\Pos BackEndII - 2025.2\exercicio\biblioteca\biblioteca)
2025-10-05 11:38:33 [INFO ] b.c.e.b.BibliotecaApplication - No active profile set, falling back to 1 default profile: "default"
2025-10-05 11:38:34 [INFO ] o.s.d.r.c.RepositoryConfigurationDelegate - Bootstrapping Spring Data JPA repositories in DEFAULT mode.
2025-10-05 11:38:34 [INFO ] o.s.d.r.c.RepositoryConfigurationDelegate - Finished Spring Data repository scanning in 44 ms. Found 5 JPA repository interfaces.
2025-10-05 11:38:34 [INFO ] o.s.b.w.e.tomcat.TomcatWebServer - Tomcat initialized with port 8080 (http)
2025-10-05 11:38:34 [INFO ] o.a.coyote.http11.Http11NioProtocol - Initializing ProtocolHandler ["http-nio-8080"]
2025-10-05 11:38:34 [INFO ] o.a.catalina.core.StandardService - Starting service [Tomcat]
2025-10-05 11:38:34 [INFO ] o.a.catalina.core.StandardEngine - Starting Servlet engine: [Apache Tomcat/10.1.46]
2025-10-05 11:38:34 [INFO ] o.a.c.c.C.[Tomcat].[localhost].[/] - Initializing Spring embedded WebApplicationContext
2025-10-05 11:38:34 [INFO ] o.s.b.w.s.c.ServletWebServerApplicationContext - Root WebApplicationContext: initialization completed in 789 ms
2025-10-05 11:38:34 [INFO ] o.h.jpa.internal.util.LogHelper - HHH000204: Processing PersistenceUnitInfo [name: default]
2025-10-05 11:38:34 [INFO ] o.h.c.i.RegionFactoryInitiator - HHH000026: Second-level cache disabled
2025-10-05 11:38:34 [INFO ] o.s.o.j.p.SpringPersistenceUnitInfo - No LoadTimeWeaver setup: ignoring JPA class transformer
2025-10-05 11:38:34 [INFO ] com.zaxxer.hikari.HikariDataSource - HikariPool-8 - Starting...
2025-10-05 11:38:34 [INFO ] com.zaxxer.hikari.pool.HikariPool - HikariPool-8 - Added connection com.mysql.cj.jdbc.ConnectionImpl@502a36c2
2025-10-05 11:38:34 [INFO ] com.zaxxer.hikari.HikariDataSource - HikariPool-8 - Start completed.
2025-10-05 11:38:34 [INFO ] o.hibernate.orm.connections.pooling - HHH10001005: Database info:
	Database JDBC URL [Connecting through datasource 'HikariDataSource (HikariPool-8)']
	Database driver: undefined/unknown
	Database version: 8.0
	Autocommit mode: undefined/unknown
	Isolation level: undefined/unknown
	Minimum pool size: undefined/unknown
	Maximum pool size: undefined/unknown
2025-10-05 11:38:35 [INFO ] o.h.e.t.j.p.i.JtaPlatformInitiator - HHH000489: No JTA platform available (set 'hibernate.transaction.jta.platform' to enable JTA platform integration)
2025-10-05 11:38:35 [INFO ] o.s.o.j.LocalContainerEntityManagerFactoryBean - Initialized JPA EntityManagerFactory for persistence unit 'default'
2025-10-05 11:38:35 [INFO ] o.s.b.d.a.OptionalLiveReloadServer - LiveReload server is running on port 35729
2025-10-05 11:38:35 [INFO ] o.a.coyote.http11.Http11NioProtocol - Starting ProtocolHandler ["http-nio-8080"]
2025-10-05 11:38:35 [INFO ] o.s.b.w.e.tomcat.TomcatWebServer - Tomcat started on port 8080 (http) with context path '/'
2025-10-05 11:38:35 [INFO ] b.c.e.b.BibliotecaApplication - Started BibliotecaApplication in 1.897 seconds (process running for 1786.056)
2025-10-05 11:38:35 [INFO ] o.s.b.d.a.ConditionEvaluationDeltaLoggingListener - Condition evaluation unchanged
2025-10-05 11:38:58 [INFO ] o.s.b.d.a.LocalDevToolsAutoConfiguration$RestartingClassPathChangeChangedEventListener - Restarting due to 1 class path change (0 additions, 1 deletion, 0 modifications)
2025-10-05 11:38:58 [INFO ] o.s.b.w.e.tomcat.GracefulShutdown - Commencing graceful shutdown. Waiting for active requests to complete
2025-10-05 11:38:58 [INFO ] o.a.coyote.http11.Http11NioProtocol - Pausing ProtocolHandler ["http-nio-8080"]
2025-10-05 11:38:58 [INFO ] o.s.b.w.e.tomcat.GracefulShutdown - Graceful shutdown complete
2025-10-05 11:38:58 [INFO ] o.a.coyote.http11.Http11NioProtocol - Stopping ProtocolHandler ["http-nio-8080"]
2025-10-05 11:38:58 [INFO ] o.s.o.j.LocalContainerEntityManagerFactoryBean - Closing JPA EntityManagerFactory for persistence unit 'default'
2025-10-05 11:38:58 [INFO ] com.zaxxer.hikari.HikariDataSource - HikariPool-8 - Shutdown initiated...
2025-10-05 11:38:58 [INFO ] com.zaxxer.hikari.HikariDataSource - HikariPool-8 - Shutdown completed.
2025-10-05 11:38:58 [INFO ] b.c.e.b.BibliotecaApplication - Starting BibliotecaApplication using Java 21.0.7 with PID 20460 (D:\aulas  Faculdade\Pos BackEndII\Pos BackEndII - 2025.2\exercicio\biblioteca\biblioteca\target\classes started by EmmyeManel in D:\aulas  Faculdade\Pos BackEndII\Pos BackEndII - 2025.2\exercicio\biblioteca\biblioteca)
2025-10-05 11:38:58 [INFO ] b.c.e.b.BibliotecaApplication - No active profile set, falling back to 1 default profile: "default"
2025-10-05 11:38:59 [INFO ] o.s.d.r.c.RepositoryConfigurationDelegate - Bootstrapping Spring Data JPA repositories in DEFAULT mode.
2025-10-05 11:38:59 [INFO ] o.s.d.r.c.RepositoryConfigurationDelegate - Finished Spring Data repository scanning in 40 ms. Found 5 JPA repository interfaces.
2025-10-05 11:38:59 [INFO ] o.s.b.w.e.tomcat.TomcatWebServer - Tomcat initialized with port 8080 (http)
2025-10-05 11:38:59 [INFO ] o.a.coyote.http11.Http11NioProtocol - Initializing ProtocolHandler ["http-nio-8080"]
2025-10-05 11:38:59 [INFO ] o.a.catalina.core.StandardService - Starting service [Tomcat]
2025-10-05 11:38:59 [INFO ] o.a.catalina.core.StandardEngine - Starting Servlet engine: [Apache Tomcat/10.1.46]
2025-10-05 11:38:59 [INFO ] o.a.c.c.C.[Tomcat].[localhost].[/] - Initializing Spring embedded WebApplicationContext
2025-10-05 11:38:59 [INFO ] o.s.b.w.s.c.ServletWebServerApplicationContext - Root WebApplicationContext: initialization completed in 740 ms
2025-10-05 11:38:59 [INFO ] o.h.jpa.internal.util.LogHelper - HHH000204: Processing PersistenceUnitInfo [name: default]
2025-10-05 11:38:59 [INFO ] o.h.c.i.RegionFactoryInitiator - HHH000026: Second-level cache disabled
2025-10-05 11:38:59 [INFO ] o.s.o.j.p.SpringPersistenceUnitInfo - No LoadTimeWeaver setup: ignoring JPA class transformer
2025-10-05 11:38:59 [INFO ] com.zaxxer.hikari.HikariDataSource - HikariPool-9 - Starting...
2025-10-05 11:38:59 [INFO ] com.zaxxer.hikari.pool.HikariPool - HikariPool-9 - Added connection com.mysql.cj.jdbc.ConnectionImpl@2bb7cc0c
2025-10-05 11:38:59 [INFO ] com.zaxxer.hikari.HikariDataSource - HikariPool-9 - Start completed.
2025-10-05 11:38:59 [INFO ] o.hibernate.orm.connections.pooling - HHH10001005: Database info:
	Database JDBC URL [Connecting through datasource 'HikariDataSource (HikariPool-9)']
	Database driver: undefined/unknown
	Database version: 8.0
	Autocommit mode: undefined/unknown
	Isolation level: undefined/unknown
	Minimum pool size: undefined/unknown
	Maximum pool size: undefined/unknown
2025-10-05 11:38:59 [INFO ] o.h.e.t.j.p.i.JtaPlatformInitiator - HHH000489: No JTA platform available (set 'hibernate.transaction.jta.platform' to enable JTA platform integration)
2025-10-05 11:38:59 [INFO ] o.s.o.j.LocalContainerEntityManagerFactoryBean - Initialized JPA EntityManagerFactory for persistence unit 'default'
2025-10-05 11:39:00 [INFO ] o.s.b.d.a.OptionalLiveReloadServer - LiveReload server is running on port 35729
2025-10-05 11:39:00 [INFO ] o.a.coyote.http11.Http11NioProtocol - Starting ProtocolHandler ["http-nio-8080"]
2025-10-05 11:39:00 [INFO ] o.s.b.w.e.tomcat.TomcatWebServer - Tomcat started on port 8080 (http) with context path '/'
2025-10-05 11:39:00 [INFO ] b.c.e.b.BibliotecaApplication - Started BibliotecaApplication in 1.666 seconds (process running for 1810.705)
2025-10-05 11:39:00 [INFO ] o.s.b.d.a.ConditionEvaluationDeltaLoggingListener - Condition evaluation unchanged
2025-10-05 11:39:01 [INFO ] o.s.b.d.a.LocalDevToolsAutoConfiguration$RestartingClassPathChangeChangedEventListener - Restarting due to 1 class path change (1 addition, 0 deletions, 0 modifications)
2025-10-05 11:39:01 [INFO ] o.s.b.w.e.tomcat.GracefulShutdown - Commencing graceful shutdown. Waiting for active requests to complete
2025-10-05 11:39:01 [INFO ] o.a.coyote.http11.Http11NioProtocol - Pausing ProtocolHandler ["http-nio-8080"]
2025-10-05 11:39:01 [INFO ] o.s.b.w.e.tomcat.GracefulShutdown - Graceful shutdown complete
2025-10-05 11:39:01 [INFO ] o.a.coyote.http11.Http11NioProtocol - Stopping ProtocolHandler ["http-nio-8080"]
2025-10-05 11:39:01 [INFO ] o.s.o.j.LocalContainerEntityManagerFactoryBean - Closing JPA EntityManagerFactory for persistence unit 'default'
2025-10-05 11:39:01 [INFO ] com.zaxxer.hikari.HikariDataSource - HikariPool-9 - Shutdown initiated...
2025-10-05 11:39:01 [INFO ] com.zaxxer.hikari.HikariDataSource - HikariPool-9 - Shutdown completed.
2025-10-05 11:39:01 [INFO ] b.c.e.b.BibliotecaApplication - Starting BibliotecaApplication using Java 21.0.7 with PID 20460 (D:\aulas  Faculdade\Pos BackEndII\Pos BackEndII - 2025.2\exercicio\biblioteca\biblioteca\target\classes started by EmmyeManel in D:\aulas  Faculdade\Pos BackEndII\Pos BackEndII - 2025.2\exercicio\biblioteca\biblioteca)
2025-10-05 11:39:01 [INFO ] b.c.e.b.BibliotecaApplication - No active profile set, falling back to 1 default profile: "default"
2025-10-05 11:39:02 [INFO ] o.s.d.r.c.RepositoryConfigurationDelegate - Bootstrapping Spring Data JPA repositories in DEFAULT mode.
2025-10-05 11:39:02 [INFO ] o.s.d.r.c.RepositoryConfigurationDelegate - Finished Spring Data repository scanning in 42 ms. Found 5 JPA repository interfaces.
2025-10-05 11:39:02 [INFO ] o.s.b.w.e.tomcat.TomcatWebServer - Tomcat initialized with port 8080 (http)
2025-10-05 11:39:02 [INFO ] o.a.coyote.http11.Http11NioProtocol - Initializing ProtocolHandler ["http-nio-8080"]
2025-10-05 11:39:02 [INFO ] o.a.catalina.core.StandardService - Starting service [Tomcat]
2025-10-05 11:39:02 [INFO ] o.a.catalina.core.StandardEngine - Starting Servlet engine: [Apache Tomcat/10.1.46]
2025-10-05 11:39:02 [INFO ] o.a.c.c.C.[Tomcat].[localhost].[/] - Initializing Spring embedded WebApplicationContext
2025-10-05 11:39:02 [INFO ] o.s.b.w.s.c.ServletWebServerApplicationContext - Root WebApplicationContext: initialization completed in 678 ms
2025-10-05 11:39:02 [INFO ] o.h.jpa.internal.util.LogHelper - HHH000204: Processing PersistenceUnitInfo [name: default]
2025-10-05 11:39:02 [INFO ] o.h.c.i.RegionFactoryInitiator - HHH000026: Second-level cache disabled
2025-10-05 11:39:02 [INFO ] o.s.o.j.p.SpringPersistenceUnitInfo - No LoadTimeWeaver setup: ignoring JPA class transformer
2025-10-05 11:39:02 [INFO ] com.zaxxer.hikari.HikariDataSource - HikariPool-10 - Starting...
2025-10-05 11:39:02 [INFO ] com.zaxxer.hikari.pool.HikariPool - HikariPool-10 - Added connection com.mysql.cj.jdbc.ConnectionImpl@19a7fc84
2025-10-05 11:39:02 [INFO ] com.zaxxer.hikari.HikariDataSource - HikariPool-10 - Start completed.
2025-10-05 11:39:02 [INFO ] o.hibernate.orm.connections.pooling - HHH10001005: Database info:
	Database JDBC URL [Connecting through datasource 'HikariDataSource (HikariPool-10)']
	Database driver: undefined/unknown
	Database version: 8.0
	Autocommit mode: undefined/unknown
	Isolation level: undefined/unknown
	Minimum pool size: undefined/unknown
	Maximum pool size: undefined/unknown
2025-10-05 11:39:02 [INFO ] o.h.e.t.j.p.i.JtaPlatformInitiator - HHH000489: No JTA platform available (set 'hibernate.transaction.jta.platform' to enable JTA platform integration)
2025-10-05 11:39:03 [INFO ] o.s.o.j.LocalContainerEntityManagerFactoryBean - Initialized JPA EntityManagerFactory for persistence unit 'default'
2025-10-05 11:39:03 [INFO ] o.s.b.d.a.OptionalLiveReloadServer - LiveReload server is running on port 35729
2025-10-05 11:39:03 [INFO ] o.a.coyote.http11.Http11NioProtocol - Starting ProtocolHandler ["http-nio-8080"]
2025-10-05 11:39:03 [INFO ] o.s.b.w.e.tomcat.TomcatWebServer - Tomcat started on port 8080 (http) with context path '/'
2025-10-05 11:39:03 [INFO ] b.c.e.b.BibliotecaApplication - Started BibliotecaApplication in 1.737 seconds (process running for 1813.967)
2025-10-05 11:39:03 [INFO ] o.s.b.d.a.ConditionEvaluationDeltaLoggingListener - Condition evaluation unchanged
2025-10-05 11:39:30 [INFO ] o.a.c.c.C.[Tomcat].[localhost].[/] - Initializing Spring DispatcherServlet 'dispatcherServlet'
2025-10-05 11:39:30 [INFO ] o.s.web.servlet.DispatcherServlet - Initializing Servlet 'dispatcherServlet'
2025-10-05 11:39:30 [INFO ] o.s.web.servlet.DispatcherServlet - Completed initialization in 2 ms
2025-10-05 11:40:49 [INFO ] o.s.b.d.a.LocalDevToolsAutoConfiguration$RestartingClassPathChangeChangedEventListener - Restarting due to 1 class path change (0 additions, 1 deletion, 0 modifications)
2025-10-05 11:40:49 [INFO ] o.s.b.w.e.tomcat.GracefulShutdown - Commencing graceful shutdown. Waiting for active requests to complete
2025-10-05 11:40:49 [INFO ] o.a.coyote.http11.Http11NioProtocol - Pausing ProtocolHandler ["http-nio-8080"]
2025-10-05 11:40:49 [INFO ] o.s.b.w.e.tomcat.GracefulShutdown - Graceful shutdown complete
2025-10-05 11:40:49 [INFO ] o.a.coyote.http11.Http11NioProtocol - Stopping ProtocolHandler ["http-nio-8080"]
2025-10-05 11:40:49 [INFO ] o.s.o.j.LocalContainerEntityManagerFactoryBean - Closing JPA EntityManagerFactory for persistence unit 'default'
2025-10-05 11:40:49 [INFO ] com.zaxxer.hikari.HikariDataSource - HikariPool-10 - Shutdown initiated...
2025-10-05 11:40:49 [INFO ] com.zaxxer.hikari.HikariDataSource - HikariPool-10 - Shutdown completed.
2025-10-05 11:40:49 [INFO ] b.c.e.b.BibliotecaApplication - Starting BibliotecaApplication using Java 21.0.7 with PID 20460 (D:\aulas  Faculdade\Pos BackEndII\Pos BackEndII - 2025.2\exercicio\biblioteca\biblioteca\target\classes started by EmmyeManel in D:\aulas  Faculdade\Pos BackEndII\Pos BackEndII - 2025.2\exercicio\biblioteca\biblioteca)
2025-10-05 11:40:49 [INFO ] b.c.e.b.BibliotecaApplication - No active profile set, falling back to 1 default profile: "default"
2025-10-05 11:40:49 [INFO ] o.s.d.r.c.RepositoryConfigurationDelegate - Bootstrapping Spring Data JPA repositories in DEFAULT mode.
2025-10-05 11:40:49 [INFO ] o.s.d.r.c.RepositoryConfigurationDelegate - Finished Spring Data repository scanning in 46 ms. Found 5 JPA repository interfaces.
2025-10-05 11:40:50 [INFO ] o.s.b.w.e.tomcat.TomcatWebServer - Tomcat initialized with port 8080 (http)
2025-10-05 11:40:50 [INFO ] o.a.coyote.http11.Http11NioProtocol - Initializing ProtocolHandler ["http-nio-8080"]
2025-10-05 11:40:50 [INFO ] o.a.catalina.core.StandardService - Starting service [Tomcat]
2025-10-05 11:40:50 [INFO ] o.a.catalina.core.StandardEngine - Starting Servlet engine: [Apache Tomcat/10.1.46]
2025-10-05 11:40:50 [INFO ] o.a.c.c.C.[Tomcat].[localhost].[/] - Initializing Spring embedded WebApplicationContext
2025-10-05 11:40:50 [INFO ] o.s.b.w.s.c.ServletWebServerApplicationContext - Root WebApplicationContext: initialization completed in 690 ms
2025-10-05 11:40:50 [INFO ] o.h.jpa.internal.util.LogHelper - HHH000204: Processing PersistenceUnitInfo [name: default]
2025-10-05 11:40:50 [INFO ] o.h.c.i.RegionFactoryInitiator - HHH000026: Second-level cache disabled
2025-10-05 11:40:50 [INFO ] o.s.o.j.p.SpringPersistenceUnitInfo - No LoadTimeWeaver setup: ignoring JPA class transformer
2025-10-05 11:40:50 [INFO ] com.zaxxer.hikari.HikariDataSource - HikariPool-11 - Starting...
2025-10-05 11:40:50 [INFO ] com.zaxxer.hikari.pool.HikariPool - HikariPool-11 - Added connection com.mysql.cj.jdbc.ConnectionImpl@4fd4cbfe
2025-10-05 11:40:50 [INFO ] com.zaxxer.hikari.HikariDataSource - HikariPool-11 - Start completed.
2025-10-05 11:40:50 [INFO ] o.hibernate.orm.connections.pooling - HHH10001005: Database info:
	Database JDBC URL [Connecting through datasource 'HikariDataSource (HikariPool-11)']
	Database driver: undefined/unknown
	Database version: 8.0
	Autocommit mode: undefined/unknown
	Isolation level: undefined/unknown
	Minimum pool size: undefined/unknown
	Maximum pool size: undefined/unknown
2025-10-05 11:40:50 [INFO ] o.h.e.t.j.p.i.JtaPlatformInitiator - HHH000489: No JTA platform available (set 'hibernate.transaction.jta.platform' to enable JTA platform integration)
2025-10-05 11:40:50 [INFO ] o.s.o.j.LocalContainerEntityManagerFactoryBean - Initialized JPA EntityManagerFactory for persistence unit 'default'
2025-10-05 11:40:50 [INFO ] o.s.b.d.a.OptionalLiveReloadServer - LiveReload server is running on port 35729
2025-10-05 11:40:50 [INFO ] o.a.coyote.http11.Http11NioProtocol - Starting ProtocolHandler ["http-nio-8080"]
2025-10-05 11:40:50 [INFO ] o.s.b.w.e.tomcat.TomcatWebServer - Tomcat started on port 8080 (http) with context path '/'
2025-10-05 11:40:50 [INFO ] b.c.e.b.BibliotecaApplication - Started BibliotecaApplication in 1.602 seconds (process running for 1921.299)
2025-10-05 11:40:50 [INFO ] o.s.b.d.a.ConditionEvaluationDeltaLoggingListener - Condition evaluation unchanged
2025-10-05 11:40:52 [INFO ] o.s.b.d.a.LocalDevToolsAutoConfiguration$RestartingClassPathChangeChangedEventListener - Restarting due to 1 class path change (1 addition, 0 deletions, 0 modifications)
2025-10-05 11:40:52 [INFO ] o.s.b.w.e.tomcat.GracefulShutdown - Commencing graceful shutdown. Waiting for active requests to complete
2025-10-05 11:40:52 [INFO ] o.a.coyote.http11.Http11NioProtocol - Pausing ProtocolHandler ["http-nio-8080"]
2025-10-05 11:40:52 [INFO ] o.s.b.w.e.tomcat.GracefulShutdown - Graceful shutdown complete
2025-10-05 11:40:52 [INFO ] o.a.coyote.http11.Http11NioProtocol - Stopping ProtocolHandler ["http-nio-8080"]
2025-10-05 11:40:52 [INFO ] o.s.o.j.LocalContainerEntityManagerFactoryBean - Closing JPA EntityManagerFactory for persistence unit 'default'
2025-10-05 11:40:52 [INFO ] com.zaxxer.hikari.HikariDataSource - HikariPool-11 - Shutdown initiated...
2025-10-05 11:40:52 [INFO ] com.zaxxer.hikari.HikariDataSource - HikariPool-11 - Shutdown completed.
2025-10-05 11:40:52 [INFO ] b.c.e.b.BibliotecaApplication - Starting BibliotecaApplication using Java 21.0.7 with PID 20460 (D:\aulas  Faculdade\Pos BackEndII\Pos BackEndII - 2025.2\exercicio\biblioteca\biblioteca\target\classes started by EmmyeManel in D:\aulas  Faculdade\Pos BackEndII\Pos BackEndII - 2025.2\exercicio\biblioteca\biblioteca)
2025-10-05 11:40:52 [INFO ] b.c.e.b.BibliotecaApplication - No active profile set, falling back to 1 default profile: "default"
2025-10-05 11:40:53 [INFO ] o.s.d.r.c.RepositoryConfigurationDelegate - Bootstrapping Spring Data JPA repositories in DEFAULT mode.
2025-10-05 11:40:53 [INFO ] o.s.d.r.c.RepositoryConfigurationDelegate - Finished Spring Data repository scanning in 40 ms. Found 5 JPA repository interfaces.
2025-10-05 11:40:53 [INFO ] o.s.b.w.e.tomcat.TomcatWebServer - Tomcat initialized with port 8080 (http)
2025-10-05 11:40:53 [INFO ] o.a.coyote.http11.Http11NioProtocol - Initializing ProtocolHandler ["http-nio-8080"]
2025-10-05 11:40:53 [INFO ] o.a.catalina.core.StandardService - Starting service [Tomcat]
2025-10-05 11:40:53 [INFO ] o.a.catalina.core.StandardEngine - Starting Servlet engine: [Apache Tomcat/10.1.46]
2025-10-05 11:40:53 [INFO ] o.a.c.c.C.[Tomcat].[localhost].[/] - Initializing Spring embedded WebApplicationContext
2025-10-05 11:40:53 [INFO ] o.s.b.w.s.c.ServletWebServerApplicationContext - Root WebApplicationContext: initialization completed in 744 ms
2025-10-05 11:40:53 [INFO ] o.h.jpa.internal.util.LogHelper - HHH000204: Processing PersistenceUnitInfo [name: default]
2025-10-05 11:40:53 [INFO ] o.h.c.i.RegionFactoryInitiator - HHH000026: Second-level cache disabled
2025-10-05 11:40:53 [INFO ] o.s.o.j.p.SpringPersistenceUnitInfo - No LoadTimeWeaver setup: ignoring JPA class transformer
2025-10-05 11:40:53 [INFO ] com.zaxxer.hikari.HikariDataSource - HikariPool-12 - Starting...
2025-10-05 11:40:53 [INFO ] com.zaxxer.hikari.pool.HikariPool - HikariPool-12 - Added connection com.mysql.cj.jdbc.ConnectionImpl@14d8a63c
2025-10-05 11:40:53 [INFO ] com.zaxxer.hikari.HikariDataSource - HikariPool-12 - Start completed.
2025-10-05 11:40:53 [INFO ] o.hibernate.orm.connections.pooling - HHH10001005: Database info:
	Database JDBC URL [Connecting through datasource 'HikariDataSource (HikariPool-12)']
	Database driver: undefined/unknown
	Database version: 8.0
	Autocommit mode: undefined/unknown
	Isolation level: undefined/unknown
	Minimum pool size: undefined/unknown
	Maximum pool size: undefined/unknown
2025-10-05 11:40:53 [INFO ] o.h.e.t.j.p.i.JtaPlatformInitiator - HHH000489: No JTA platform available (set 'hibernate.transaction.jta.platform' to enable JTA platform integration)
2025-10-05 11:40:53 [INFO ] o.s.o.j.LocalContainerEntityManagerFactoryBean - Initialized JPA EntityManagerFactory for persistence unit 'default'
2025-10-05 11:40:54 [INFO ] o.s.b.d.a.OptionalLiveReloadServer - LiveReload server is running on port 35729
2025-10-05 11:40:54 [INFO ] o.a.coyote.http11.Http11NioProtocol - Starting ProtocolHandler ["http-nio-8080"]
2025-10-05 11:40:54 [INFO ] o.s.b.w.e.tomcat.TomcatWebServer - Tomcat started on port 8080 (http) with context path '/'
2025-10-05 11:40:54 [INFO ] b.c.e.b.BibliotecaApplication - Started BibliotecaApplication in 1.775 seconds (process running for 1924.636)
2025-10-05 11:40:54 [INFO ] o.s.b.d.a.ConditionEvaluationDeltaLoggingListener - Condition evaluation unchanged
2025-10-05 11:43:10 [INFO ] o.s.b.w.e.tomcat.GracefulShutdown - Commencing graceful shutdown. Waiting for active requests to complete
2025-10-05 11:43:10 [INFO ] o.s.b.w.e.tomcat.GracefulShutdown - Graceful shutdown complete
2025-10-05 11:43:10 [INFO ] o.s.o.j.LocalContainerEntityManagerFactoryBean - Closing JPA EntityManagerFactory for persistence unit 'default'
2025-10-05 11:43:10 [INFO ] com.zaxxer.hikari.HikariDataSource - HikariPool-12 - Shutdown initiated...
2025-10-05 11:43:10 [INFO ] com.zaxxer.hikari.HikariDataSource - HikariPool-12 - Shutdown completed.
2025-10-05 11:48:43 [INFO ] o.h.validator.internal.util.Version - HV000001: Hibernate Validator 8.0.3.Final
2025-10-05 11:48:43 [INFO ] b.c.e.b.BibliotecaApplication - Starting BibliotecaApplication using Java 21.0.7 with PID 21644 (D:\aulas  Faculdade\Pos BackEndII\Pos BackEndII - 2025.2\exercicio\biblioteca\biblioteca\target\classes started by EmmyeManel in D:\aulas  Faculdade\Pos BackEndII\Pos BackEndII - 2025.2\exercicio\biblioteca\biblioteca)
2025-10-05 11:48:43 [INFO ] b.c.e.b.BibliotecaApplication - No active profile set, falling back to 1 default profile: "default"
2025-10-05 11:48:43 [INFO ] o.s.b.d.e.DevToolsPropertyDefaultsPostProcessor - Devtools property defaults active! Set 'spring.devtools.add-properties' to 'false' to disable
2025-10-05 11:48:43 [INFO ] o.s.b.d.e.DevToolsPropertyDefaultsPostProcessor - For additional web related logging consider setting the 'logging.level.web' property to 'DEBUG'
2025-10-05 11:48:45 [INFO ] o.s.d.r.c.RepositoryConfigurationDelegate - Bootstrapping Spring Data JPA repositories in DEFAULT mode.
2025-10-05 11:48:45 [INFO ] o.s.d.r.c.RepositoryConfigurationDelegate - Finished Spring Data repository scanning in 154 ms. Found 5 JPA repository interfaces.
2025-10-05 11:48:46 [INFO ] o.s.b.w.e.tomcat.TomcatWebServer - Tomcat initialized with port 8080 (http)
2025-10-05 11:48:46 [INFO ] o.a.coyote.http11.Http11NioProtocol - Initializing ProtocolHandler ["http-nio-8080"]
2025-10-05 11:48:46 [INFO ] o.a.catalina.core.StandardService - Starting service [Tomcat]
2025-10-05 11:48:46 [INFO ] o.a.catalina.core.StandardEngine - Starting Servlet engine: [Apache Tomcat/10.1.46]
2025-10-05 11:48:46 [INFO ] o.a.c.c.C.[Tomcat].[localhost].[/] - Initializing Spring embedded WebApplicationContext
2025-10-05 11:48:46 [INFO ] o.s.b.w.s.c.ServletWebServerApplicationContext - Root WebApplicationContext: initialization completed in 3059 ms
2025-10-05 11:48:47 [INFO ] o.h.jpa.internal.util.LogHelper - HHH000204: Processing PersistenceUnitInfo [name: default]
2025-10-05 11:48:47 [INFO ] org.hibernate.Version - HHH000412: Hibernate ORM core version 6.6.29.Final
2025-10-05 11:48:47 [INFO ] o.h.c.i.RegionFactoryInitiator - HHH000026: Second-level cache disabled
2025-10-05 11:48:48 [INFO ] o.s.o.j.p.SpringPersistenceUnitInfo - No LoadTimeWeaver setup: ignoring JPA class transformer
2025-10-05 11:48:48 [INFO ] com.zaxxer.hikari.HikariDataSource - HikariPool-1 - Starting...
2025-10-05 11:48:48 [INFO ] com.zaxxer.hikari.pool.HikariPool - HikariPool-1 - Added connection com.mysql.cj.jdbc.ConnectionImpl@75ba5d9b
2025-10-05 11:48:48 [INFO ] com.zaxxer.hikari.HikariDataSource - HikariPool-1 - Start completed.
2025-10-05 11:48:48 [INFO ] o.hibernate.orm.connections.pooling - HHH10001005: Database info:
	Database JDBC URL [Connecting through datasource 'HikariDataSource (HikariPool-1)']
	Database driver: undefined/unknown
	Database version: 8.0
	Autocommit mode: undefined/unknown
	Isolation level: undefined/unknown
	Minimum pool size: undefined/unknown
	Maximum pool size: undefined/unknown
2025-10-05 11:48:51 [INFO ] o.h.e.t.j.p.i.JtaPlatformInitiator - HHH000489: No JTA platform available (set 'hibernate.transaction.jta.platform' to enable JTA platform integration)
2025-10-05 11:48:52 [INFO ] o.s.o.j.LocalContainerEntityManagerFactoryBean - Initialized JPA EntityManagerFactory for persistence unit 'default'
2025-10-05 11:48:53 [INFO ] o.s.b.d.a.OptionalLiveReloadServer - LiveReload server is running on port 35729
2025-10-05 11:48:54 [INFO ] o.a.coyote.http11.Http11NioProtocol - Starting ProtocolHandler ["http-nio-8080"]
2025-10-05 11:48:54 [INFO ] o.s.b.w.e.tomcat.TomcatWebServer - Tomcat started on port 8080 (http) with context path '/'
2025-10-05 11:48:54 [INFO ] b.c.e.b.BibliotecaApplication - Started BibliotecaApplication in 11.833 seconds (process running for 13.432)
2025-10-05 11:49:14 [INFO ] o.a.c.c.C.[Tomcat].[localhost].[/] - Initializing Spring DispatcherServlet 'dispatcherServlet'
2025-10-05 11:49:14 [INFO ] o.s.web.servlet.DispatcherServlet - Initializing Servlet 'dispatcherServlet'
2025-10-05 11:49:14 [INFO ] o.s.web.servlet.DispatcherServlet - Completed initialization in 2 ms
2025-10-05 11:56:19 [INFO ] o.s.b.d.a.LocalDevToolsAutoConfiguration$RestartingClassPathChangeChangedEventListener - Restarting due to 1 class path change (0 additions, 0 deletions, 1 modification)
2025-10-05 11:56:19 [INFO ] o.s.b.w.e.tomcat.GracefulShutdown - Commencing graceful shutdown. Waiting for active requests to complete
2025-10-05 11:56:19 [INFO ] o.a.coyote.http11.Http11NioProtocol - Pausing ProtocolHandler ["http-nio-8080"]
2025-10-05 11:56:19 [INFO ] o.s.b.w.e.tomcat.GracefulShutdown - Graceful shutdown complete
2025-10-05 11:56:19 [INFO ] o.a.coyote.http11.Http11NioProtocol - Stopping ProtocolHandler ["http-nio-8080"]
2025-10-05 11:56:19 [INFO ] o.s.o.j.LocalContainerEntityManagerFactoryBean - Closing JPA EntityManagerFactory for persistence unit 'default'
2025-10-05 11:56:19 [INFO ] com.zaxxer.hikari.HikariDataSource - HikariPool-1 - Shutdown initiated...
2025-10-05 11:56:19 [INFO ] com.zaxxer.hikari.HikariDataSource - HikariPool-1 - Shutdown completed.
2025-10-05 11:56:20 [INFO ] b.c.e.b.BibliotecaApplication - Starting BibliotecaApplication using Java 21.0.7 with PID 21644 (D:\aulas  Faculdade\Pos BackEndII\Pos BackEndII - 2025.2\exercicio\biblioteca\biblioteca\target\classes started by EmmyeManel in D:\aulas  Faculdade\Pos BackEndII\Pos BackEndII - 2025.2\exercicio\biblioteca\biblioteca)
2025-10-05 11:56:20 [INFO ] b.c.e.b.BibliotecaApplication - No active profile set, falling back to 1 default profile: "default"
2025-10-05 11:56:20 [INFO ] o.s.d.r.c.RepositoryConfigurationDelegate - Bootstrapping Spring Data JPA repositories in DEFAULT mode.
2025-10-05 11:56:20 [INFO ] o.s.d.r.c.RepositoryConfigurationDelegate - Finished Spring Data repository scanning in 47 ms. Found 5 JPA repository interfaces.
2025-10-05 11:56:21 [INFO ] o.s.b.w.e.tomcat.TomcatWebServer - Tomcat initialized with port 8080 (http)
2025-10-05 11:56:21 [INFO ] o.a.coyote.http11.Http11NioProtocol - Initializing ProtocolHandler ["http-nio-8080"]
2025-10-05 11:56:21 [INFO ] o.a.catalina.core.StandardService - Starting service [Tomcat]
2025-10-05 11:56:21 [INFO ] o.a.catalina.core.StandardEngine - Starting Servlet engine: [Apache Tomcat/10.1.46]
2025-10-05 11:56:21 [INFO ] o.a.c.c.C.[Tomcat].[localhost].[/] - Initializing Spring embedded WebApplicationContext
2025-10-05 11:56:21 [INFO ] o.s.b.w.s.c.ServletWebServerApplicationContext - Root WebApplicationContext: initialization completed in 868 ms
2025-10-05 11:56:21 [INFO ] o.h.jpa.internal.util.LogHelper - HHH000204: Processing PersistenceUnitInfo [name: default]
2025-10-05 11:56:21 [INFO ] o.h.c.i.RegionFactoryInitiator - HHH000026: Second-level cache disabled
2025-10-05 11:56:21 [INFO ] o.s.o.j.p.SpringPersistenceUnitInfo - No LoadTimeWeaver setup: ignoring JPA class transformer
2025-10-05 11:56:21 [INFO ] com.zaxxer.hikari.HikariDataSource - HikariPool-2 - Starting...
2025-10-05 11:56:21 [INFO ] com.zaxxer.hikari.pool.HikariPool - HikariPool-2 - Added connection com.mysql.cj.jdbc.ConnectionImpl@368cd6d
2025-10-05 11:56:21 [INFO ] com.zaxxer.hikari.HikariDataSource - HikariPool-2 - Start completed.
2025-10-05 11:56:21 [INFO ] o.hibernate.orm.connections.pooling - HHH10001005: Database info:
	Database JDBC URL [Connecting through datasource 'HikariDataSource (HikariPool-2)']
	Database driver: undefined/unknown
	Database version: 8.0
	Autocommit mode: undefined/unknown
	Isolation level: undefined/unknown
	Minimum pool size: undefined/unknown
	Maximum pool size: undefined/unknown
2025-10-05 11:56:21 [INFO ] o.h.e.t.j.p.i.JtaPlatformInitiator - HHH000489: No JTA platform available (set 'hibernate.transaction.jta.platform' to enable JTA platform integration)
2025-10-05 11:56:21 [INFO ] o.s.o.j.LocalContainerEntityManagerFactoryBean - Initialized JPA EntityManagerFactory for persistence unit 'default'
2025-10-05 11:56:22 [INFO ] o.s.b.d.a.OptionalLiveReloadServer - LiveReload server is running on port 35729
2025-10-05 11:56:22 [INFO ] o.a.coyote.http11.Http11NioProtocol - Starting ProtocolHandler ["http-nio-8080"]
2025-10-05 11:56:22 [INFO ] o.s.b.w.e.tomcat.TomcatWebServer - Tomcat started on port 8080 (http) with context path '/'
2025-10-05 11:56:22 [INFO ] b.c.e.b.BibliotecaApplication - Started BibliotecaApplication in 2.039 seconds (process running for 461.512)
2025-10-05 11:56:22 [INFO ] o.s.b.d.a.ConditionEvaluationDeltaLoggingListener - Condition evaluation unchanged
2025-10-05 11:56:31 [INFO ] o.s.b.w.e.tomcat.GracefulShutdown - Commencing graceful shutdown. Waiting for active requests to complete
2025-10-05 11:56:31 [INFO ] o.s.b.w.e.tomcat.GracefulShutdown - Graceful shutdown complete
2025-10-05 11:56:31 [INFO ] o.s.o.j.LocalContainerEntityManagerFactoryBean - Closing JPA EntityManagerFactory for persistence unit 'default'
2025-10-05 11:56:31 [INFO ] com.zaxxer.hikari.HikariDataSource - HikariPool-2 - Shutdown initiated...
2025-10-05 11:56:31 [INFO ] com.zaxxer.hikari.HikariDataSource - HikariPool-2 - Shutdown completed.
